---------------------------------------------------------------
[ 2019-09-21T15:08:48+08:00 ] 0.0.0.0 GET /mp/public/index.php
[ info ] localhost/mp/public/index.php [运行时间：0.026483s][吞吐率：37.76req/s] [内存消耗：2,573.48kb] [文件加载：43]
[ info ] [ LANG ] D:\MilFun\Apache24\htdocs\mp\thinkphp\lang\zh-cn.php
[ info ] [ ROUTE ] array (
  'type' => 'module',
  'module' => 
  array (
    0 => '',
    1 => NULL,
    2 => NULL,
  ),
)
[ info ] [ HEADER ] array (
  'host' => 'localhost',
  'connection' => 'keep-alive',
  'cache-control' => 'max-age=0',
  'upgrade-insecure-requests' => '1',
  'user-agent' => 'Mozilla/5.0 (Windows NT 10.0; Win64; x64) AppleWebKit/537.36 (KHTML, like Gecko) Chrome/76.0.3809.132 Safari/537.36',
  'sec-fetch-mode' => 'navigate',
  'sec-fetch-user' => '?1',
  'accept' => 'text/html,application/xhtml+xml,application/xml;q=0.9,image/webp,image/apng,*/*;q=0.8,application/signed-exchange;v=b3',
  'sec-fetch-site' => 'none',
  'accept-encoding' => 'gzip, deflate, br',
  'accept-language' => 'zh-CN,zh;q=0.9',
  'cookie' => 'thinkphp_show_page_trace=0|0; pgv_pvi=9689078784; UM_distinctid=16d38b311fc3a1-0c78e54ec6bd2-5373e62-1fa400-16d38b311fe5b3; CNZZDATA5342091=cnzz_eid%3D731655640-1568611066-null%26ntime%3D1568611066',
)
[ info ] [ PARAM ] array (
)
[ info ] [ RUN ] app\index\controller\Index->index[ D:\MilFun\Apache24\htdocs\mp\application\index\controller\Index.php ]
[ info ] [ VIEW ] D:\MilFun\Apache24\htdocs\mp\public/../application/index\view\index\index.html [ array (
) ]
[ info ] [ LOG ] INIT File
[ error ] [4]语法错误: unexpected 'else' (T_ELSE)[D:\MilFun\Apache24\htdocs\mp\runtime\temp\62da1f953934b815baba86f922844bdd.php:221]
---------------------------------------------------------------
[ 2019-09-21T15:09:25+08:00 ] 0.0.0.0 GET /mp/public/index.php
[ info ] localhost/mp/public/index.php [运行时间：0.017028s][吞吐率：58.73req/s] [内存消耗：2,431.33kb] [文件加载：40]
[ info ] [ LANG ] D:\MilFun\Apache24\htdocs\mp\thinkphp\lang\zh-cn.php
[ info ] [ ROUTE ] array (
  'type' => 'module',
  'module' => 
  array (
    0 => '',
    1 => NULL,
    2 => NULL,
  ),
)
[ info ] [ HEADER ] array (
  'host' => 'localhost',
  'connection' => 'keep-alive',
  'cache-control' => 'max-age=0',
  'upgrade-insecure-requests' => '1',
  'user-agent' => 'Mozilla/5.0 (Windows NT 10.0; Win64; x64) AppleWebKit/537.36 (KHTML, like Gecko) Chrome/76.0.3809.132 Safari/537.36',
  'sec-fetch-mode' => 'navigate',
  'sec-fetch-user' => '?1',
  'accept' => 'text/html,application/xhtml+xml,application/xml;q=0.9,image/webp,image/apng,*/*;q=0.8,application/signed-exchange;v=b3',
  'sec-fetch-site' => 'none',
  'accept-encoding' => 'gzip, deflate, br',
  'accept-language' => 'zh-CN,zh;q=0.9',
  'cookie' => 'thinkphp_show_page_trace=0|0; pgv_pvi=9689078784; UM_distinctid=16d38b311fc3a1-0c78e54ec6bd2-5373e62-1fa400-16d38b311fe5b3; CNZZDATA5342091=cnzz_eid%3D731655640-1568611066-null%26ntime%3D1568611066',
)
[ info ] [ PARAM ] array (
)
[ info ] [ RUN ] app\index\controller\Index->index[ D:\MilFun\Apache24\htdocs\mp\application\index\controller\Index.php ]
[ info ] [ VIEW ] D:\MilFun\Apache24\htdocs\mp\public/../application/index\view\index\index.html [ array (
) ]
[ info ] [ LOG ] INIT File
---------------------------------------------------------------
[ 2019-09-21T15:12:47+08:00 ] 0.0.0.0 GET /mp/index.php
[ info ] localhost/mp/index.php [运行时间：0.027364s][吞吐率：36.54req/s] [内存消耗：2,430.91kb] [文件加载：40]
[ info ] [ LANG ] D:\MilFun\Apache24\htdocs\mp\thinkphp\lang\zh-cn.php
[ info ] [ ROUTE ] array (
  'type' => 'module',
  'module' => 
  array (
    0 => '',
    1 => NULL,
    2 => NULL,
  ),
)
[ info ] [ HEADER ] array (
  'host' => 'localhost',
  'connection' => 'keep-alive',
  'cache-control' => 'max-age=0',
  'upgrade-insecure-requests' => '1',
  'user-agent' => 'Mozilla/5.0 (Windows NT 10.0; Win64; x64) AppleWebKit/537.36 (KHTML, like Gecko) Chrome/76.0.3809.132 Safari/537.36',
  'sec-fetch-mode' => 'navigate',
  'sec-fetch-user' => '?1',
  'accept' => 'text/html,application/xhtml+xml,application/xml;q=0.9,image/webp,image/apng,*/*;q=0.8,application/signed-exchange;v=b3',
  'sec-fetch-site' => 'none',
  'accept-encoding' => 'gzip, deflate, br',
  'accept-language' => 'zh-CN,zh;q=0.9',
  'cookie' => 'pgv_pvi=9689078784; UM_distinctid=16d38b311fc3a1-0c78e54ec6bd2-5373e62-1fa400-16d38b311fe5b3; CNZZDATA5342091=cnzz_eid%3D731655640-1568611066-null%26ntime%3D1568611066',
)
[ info ] [ PARAM ] array (
)
[ info ] [ RUN ] app\index\controller\Index->index[ D:\MilFun\Apache24\htdocs\mp\application\index\controller\Index.php ]
[ info ] [ VIEW ] D:\MilFun\Apache24\htdocs\mp/application/index\view\index\index.html [ array (
) ]
[ info ] [ LOG ] INIT File
---------------------------------------------------------------
[ 2019-09-21T15:19:42+08:00 ] 0.0.0.0 GET /mp/index.php
[ info ] localhost/mp/index.php [运行时间：0.020556s][吞吐率：48.65req/s] [内存消耗：2,429.87kb] [文件加载：40]
[ info ] [ LANG ] D:\MilFun\Apache24\htdocs\mp\thinkphp\lang\zh-cn.php
[ info ] [ ROUTE ] array (
  'type' => 'module',
  'module' => 
  array (
    0 => '',
    1 => NULL,
    2 => NULL,
  ),
)
[ info ] [ HEADER ] array (
  'host' => 'localhost',
  'connection' => 'keep-alive',
  'cache-control' => 'max-age=0',
  'upgrade-insecure-requests' => '1',
  'user-agent' => 'Mozilla/5.0 (Windows NT 10.0; Win64; x64) AppleWebKit/537.36 (KHTML, like Gecko) Chrome/76.0.3809.132 Safari/537.36',
  'sec-fetch-mode' => 'navigate',
  'sec-fetch-user' => '?1',
  'accept' => 'text/html,application/xhtml+xml,application/xml;q=0.9,image/webp,image/apng,*/*;q=0.8,application/signed-exchange;v=b3',
  'sec-fetch-site' => 'none',
  'accept-encoding' => 'gzip, deflate, br',
  'accept-language' => 'zh-CN,zh;q=0.9',
  'cookie' => 'thinkphp_show_page_trace=0|0; pgv_pvi=9689078784; UM_distinctid=16d38b311fc3a1-0c78e54ec6bd2-5373e62-1fa400-16d38b311fe5b3; CNZZDATA5342091=cnzz_eid%3D731655640-1568611066-null%26ntime%3D1568611066',
)
[ info ] [ PARAM ] array (
)
[ info ] [ RUN ] app\index\controller\Index->index[ D:\MilFun\Apache24\htdocs\mp\application\index\controller\Index.php ]
[ info ] [ VIEW ] D:\MilFun\Apache24\htdocs\mp/application/index\view\index\index.html [ array (
) ]
[ info ] [ LOG ] INIT File
---------------------------------------------------------------
[ 2019-09-21T15:20:02+08:00 ] 0.0.0.0 GET /mp/index.php
[ info ] localhost/mp/index.php [运行时间：0.020343s][吞吐率：49.16req/s] [内存消耗：2,214.83kb] [文件加载：38]
[ info ] [ LANG ] D:\MilFun\Apache24\htdocs\mp\thinkphp\lang\zh-cn.php
[ info ] [ ROUTE ] array (
  'type' => 'module',
  'module' => 
  array (
    0 => '',
    1 => NULL,
    2 => NULL,
  ),
)
[ info ] [ HEADER ] array (
  'host' => 'localhost',
  'connection' => 'keep-alive',
  'cache-control' => 'max-age=0',
  'upgrade-insecure-requests' => '1',
  'user-agent' => 'Mozilla/5.0 (Windows NT 10.0; Win64; x64) AppleWebKit/537.36 (KHTML, like Gecko) Chrome/76.0.3809.132 Safari/537.36',
  'sec-fetch-mode' => 'navigate',
  'sec-fetch-user' => '?1',
  'accept' => 'text/html,application/xhtml+xml,application/xml;q=0.9,image/webp,image/apng,*/*;q=0.8,application/signed-exchange;v=b3',
  'sec-fetch-site' => 'none',
  'accept-encoding' => 'gzip, deflate, br',
  'accept-language' => 'zh-CN,zh;q=0.9',
  'cookie' => 'thinkphp_show_page_trace=0|0; pgv_pvi=9689078784; UM_distinctid=16d38b311fc3a1-0c78e54ec6bd2-5373e62-1fa400-16d38b311fe5b3; CNZZDATA5342091=cnzz_eid%3D731655640-1568611066-null%26ntime%3D1568611066',
)
[ info ] [ PARAM ] array (
)
[ info ] [ RUN ] app\index\controller\Index->index[ D:\MilFun\Apache24\htdocs\mp\application\index\controller\Index.php ]
[ info ] [ VIEW ] D:\MilFun\Apache24\htdocs\mp/application/index\view\index\index.html [ array (
) ]
[ info ] [ LOG ] INIT File
---------------------------------------------------------------
[ 2019-09-21T15:20:20+08:00 ] 0.0.0.0 GET /mp/index.php
[ info ] localhost/mp/index.php [运行时间：0.020201s][吞吐率：49.50req/s] [内存消耗：2,429.77kb] [文件加载：40]
[ info ] [ LANG ] D:\MilFun\Apache24\htdocs\mp\thinkphp\lang\zh-cn.php
[ info ] [ ROUTE ] array (
  'type' => 'module',
  'module' => 
  array (
    0 => '',
    1 => NULL,
    2 => NULL,
  ),
)
[ info ] [ HEADER ] array (
  'host' => 'localhost',
  'connection' => 'keep-alive',
  'cache-control' => 'max-age=0',
  'upgrade-insecure-requests' => '1',
  'user-agent' => 'Mozilla/5.0 (Windows NT 10.0; Win64; x64) AppleWebKit/537.36 (KHTML, like Gecko) Chrome/76.0.3809.132 Safari/537.36',
  'sec-fetch-mode' => 'navigate',
  'sec-fetch-user' => '?1',
  'accept' => 'text/html,application/xhtml+xml,application/xml;q=0.9,image/webp,image/apng,*/*;q=0.8,application/signed-exchange;v=b3',
  'sec-fetch-site' => 'none',
  'accept-encoding' => 'gzip, deflate, br',
  'accept-language' => 'zh-CN,zh;q=0.9',
  'cookie' => 'thinkphp_show_page_trace=0|0; pgv_pvi=9689078784; UM_distinctid=16d38b311fc3a1-0c78e54ec6bd2-5373e62-1fa400-16d38b311fe5b3; CNZZDATA5342091=cnzz_eid%3D731655640-1568611066-null%26ntime%3D1568611066',
)
[ info ] [ PARAM ] array (
)
[ info ] [ RUN ] app\index\controller\Index->index[ D:\MilFun\Apache24\htdocs\mp\application\index\controller\Index.php ]
[ info ] [ VIEW ] D:\MilFun\Apache24\htdocs\mp/application/index\view\index\index.html [ array (
) ]
[ info ] [ LOG ] INIT File
---------------------------------------------------------------
[ 2019-09-21T15:20:21+08:00 ] 0.0.0.0 GET /mp/index.php
[ info ] localhost/mp/index.php [运行时间：0.016199s][吞吐率：61.73req/s] [内存消耗：2,214.83kb] [文件加载：38]
[ info ] [ LANG ] D:\MilFun\Apache24\htdocs\mp\thinkphp\lang\zh-cn.php
[ info ] [ ROUTE ] array (
  'type' => 'module',
  'module' => 
  array (
    0 => '',
    1 => NULL,
    2 => NULL,
  ),
)
[ info ] [ HEADER ] array (
  'host' => 'localhost',
  'connection' => 'keep-alive',
  'cache-control' => 'max-age=0',
  'upgrade-insecure-requests' => '1',
  'user-agent' => 'Mozilla/5.0 (Windows NT 10.0; Win64; x64) AppleWebKit/537.36 (KHTML, like Gecko) Chrome/76.0.3809.132 Safari/537.36',
  'sec-fetch-mode' => 'navigate',
  'sec-fetch-user' => '?1',
  'accept' => 'text/html,application/xhtml+xml,application/xml;q=0.9,image/webp,image/apng,*/*;q=0.8,application/signed-exchange;v=b3',
  'sec-fetch-site' => 'none',
  'accept-encoding' => 'gzip, deflate, br',
  'accept-language' => 'zh-CN,zh;q=0.9',
  'cookie' => 'thinkphp_show_page_trace=0|0; pgv_pvi=9689078784; UM_distinctid=16d38b311fc3a1-0c78e54ec6bd2-5373e62-1fa400-16d38b311fe5b3; CNZZDATA5342091=cnzz_eid%3D731655640-1568611066-null%26ntime%3D1568611066',
)
[ info ] [ PARAM ] array (
)
[ info ] [ RUN ] app\index\controller\Index->index[ D:\MilFun\Apache24\htdocs\mp\application\index\controller\Index.php ]
[ info ] [ VIEW ] D:\MilFun\Apache24\htdocs\mp/application/index\view\index\index.html [ array (
) ]
[ info ] [ LOG ] INIT File
---------------------------------------------------------------
[ 2019-09-21T15:20:21+08:00 ] 0.0.0.0 GET /mp/index.php
[ info ] localhost/mp/index.php [运行时间：0.018628s][吞吐率：53.68req/s] [内存消耗：2,214.83kb] [文件加载：38]
[ info ] [ LANG ] D:\MilFun\Apache24\htdocs\mp\thinkphp\lang\zh-cn.php
[ info ] [ ROUTE ] array (
  'type' => 'module',
  'module' => 
  array (
    0 => '',
    1 => NULL,
    2 => NULL,
  ),
)
[ info ] [ HEADER ] array (
  'host' => 'localhost',
  'connection' => 'keep-alive',
  'cache-control' => 'max-age=0',
  'upgrade-insecure-requests' => '1',
  'user-agent' => 'Mozilla/5.0 (Windows NT 10.0; Win64; x64) AppleWebKit/537.36 (KHTML, like Gecko) Chrome/76.0.3809.132 Safari/537.36',
  'sec-fetch-mode' => 'navigate',
  'sec-fetch-user' => '?1',
  'accept' => 'text/html,application/xhtml+xml,application/xml;q=0.9,image/webp,image/apng,*/*;q=0.8,application/signed-exchange;v=b3',
  'sec-fetch-site' => 'none',
  'accept-encoding' => 'gzip, deflate, br',
  'accept-language' => 'zh-CN,zh;q=0.9',
  'cookie' => 'thinkphp_show_page_trace=0|0; pgv_pvi=9689078784; UM_distinctid=16d38b311fc3a1-0c78e54ec6bd2-5373e62-1fa400-16d38b311fe5b3; CNZZDATA5342091=cnzz_eid%3D731655640-1568611066-null%26ntime%3D1568611066',
)
[ info ] [ PARAM ] array (
)
[ info ] [ RUN ] app\index\controller\Index->index[ D:\MilFun\Apache24\htdocs\mp\application\index\controller\Index.php ]
[ info ] [ VIEW ] D:\MilFun\Apache24\htdocs\mp/application/index\view\index\index.html [ array (
) ]
[ info ] [ LOG ] INIT File
---------------------------------------------------------------
[ 2019-09-21T15:22:00+08:00 ] 0.0.0.0 GET /mp/index.php
[ info ] localhost/mp/index.php [运行时间：0.026732s][吞吐率：37.41req/s] [内存消耗：2,430.28kb] [文件加载：40]
[ info ] [ LANG ] D:\MilFun\Apache24\htdocs\mp\thinkphp\lang\zh-cn.php
[ info ] [ ROUTE ] array (
  'type' => 'module',
  'module' => 
  array (
    0 => '',
    1 => NULL,
    2 => NULL,
  ),
)
[ info ] [ HEADER ] array (
  'host' => 'localhost',
  'connection' => 'keep-alive',
  'cache-control' => 'max-age=0',
  'upgrade-insecure-requests' => '1',
  'user-agent' => 'Mozilla/5.0 (Windows NT 10.0; Win64; x64) AppleWebKit/537.36 (KHTML, like Gecko) Chrome/76.0.3809.132 Safari/537.36',
  'sec-fetch-mode' => 'navigate',
  'sec-fetch-user' => '?1',
  'accept' => 'text/html,application/xhtml+xml,application/xml;q=0.9,image/webp,image/apng,*/*;q=0.8,application/signed-exchange;v=b3',
  'sec-fetch-site' => 'none',
  'accept-encoding' => 'gzip, deflate, br',
  'accept-language' => 'zh-CN,zh;q=0.9',
  'cookie' => 'thinkphp_show_page_trace=0|0; pgv_pvi=9689078784; UM_distinctid=16d38b311fc3a1-0c78e54ec6bd2-5373e62-1fa400-16d38b311fe5b3; CNZZDATA5342091=cnzz_eid%3D731655640-1568611066-null%26ntime%3D1568611066',
)
[ info ] [ PARAM ] array (
)
[ info ] [ RUN ] app\index\controller\Index->index[ D:\MilFun\Apache24\htdocs\mp\application\index\controller\Index.php ]
[ info ] [ VIEW ] D:\MilFun\Apache24\htdocs\mp/application/index\view\index\index.html [ array (
) ]
[ info ] [ LOG ] INIT File
---------------------------------------------------------------
[ 2019-09-21T15:22:00+08:00 ] 0.0.0.0 GET /mp/index.php
[ info ] localhost/mp/index.php [运行时间：0.016325s][吞吐率：61.26req/s] [内存消耗：2,214.76kb] [文件加载：38]
[ info ] [ LANG ] D:\MilFun\Apache24\htdocs\mp\thinkphp\lang\zh-cn.php
[ info ] [ ROUTE ] array (
  'type' => 'module',
  'module' => 
  array (
    0 => '',
    1 => NULL,
    2 => NULL,
  ),
)
[ info ] [ HEADER ] array (
  'host' => 'localhost',
  'connection' => 'keep-alive',
  'cache-control' => 'max-age=0',
  'upgrade-insecure-requests' => '1',
  'user-agent' => 'Mozilla/5.0 (Windows NT 10.0; Win64; x64) AppleWebKit/537.36 (KHTML, like Gecko) Chrome/76.0.3809.132 Safari/537.36',
  'sec-fetch-mode' => 'navigate',
  'sec-fetch-user' => '?1',
  'accept' => 'text/html,application/xhtml+xml,application/xml;q=0.9,image/webp,image/apng,*/*;q=0.8,application/signed-exchange;v=b3',
  'sec-fetch-site' => 'none',
  'accept-encoding' => 'gzip, deflate, br',
  'accept-language' => 'zh-CN,zh;q=0.9',
  'cookie' => 'thinkphp_show_page_trace=0|0; pgv_pvi=9689078784; UM_distinctid=16d38b311fc3a1-0c78e54ec6bd2-5373e62-1fa400-16d38b311fe5b3; CNZZDATA5342091=cnzz_eid%3D731655640-1568611066-null%26ntime%3D1568611066',
)
[ info ] [ PARAM ] array (
)
[ info ] [ RUN ] app\index\controller\Index->index[ D:\MilFun\Apache24\htdocs\mp\application\index\controller\Index.php ]
[ info ] [ VIEW ] D:\MilFun\Apache24\htdocs\mp/application/index\view\index\index.html [ array (
) ]
[ info ] [ LOG ] INIT File
---------------------------------------------------------------
[ 2019-09-21T15:22:24+08:00 ] 0.0.0.0 GET /mp/index.php
[ info ] localhost/mp/index.php [运行时间：0.020012s][吞吐率：49.97req/s] [内存消耗：2,430.09kb] [文件加载：40]
[ info ] [ LANG ] D:\MilFun\Apache24\htdocs\mp\thinkphp\lang\zh-cn.php
[ info ] [ ROUTE ] array (
  'type' => 'module',
  'module' => 
  array (
    0 => '',
    1 => NULL,
    2 => NULL,
  ),
)
[ info ] [ HEADER ] array (
  'host' => 'localhost',
  'connection' => 'keep-alive',
  'cache-control' => 'max-age=0',
  'upgrade-insecure-requests' => '1',
  'user-agent' => 'Mozilla/5.0 (Windows NT 10.0; Win64; x64) AppleWebKit/537.36 (KHTML, like Gecko) Chrome/76.0.3809.132 Safari/537.36',
  'sec-fetch-mode' => 'navigate',
  'sec-fetch-user' => '?1',
  'accept' => 'text/html,application/xhtml+xml,application/xml;q=0.9,image/webp,image/apng,*/*;q=0.8,application/signed-exchange;v=b3',
  'sec-fetch-site' => 'none',
  'accept-encoding' => 'gzip, deflate, br',
  'accept-language' => 'zh-CN,zh;q=0.9',
  'cookie' => 'thinkphp_show_page_trace=0|0; pgv_pvi=9689078784; UM_distinctid=16d38b311fc3a1-0c78e54ec6bd2-5373e62-1fa400-16d38b311fe5b3; CNZZDATA5342091=cnzz_eid%3D731655640-1568611066-null%26ntime%3D1568611066',
)
[ info ] [ PARAM ] array (
)
[ info ] [ RUN ] app\index\controller\Index->index[ D:\MilFun\Apache24\htdocs\mp\application\index\controller\Index.php ]
[ info ] [ VIEW ] D:\MilFun\Apache24\htdocs\mp/application/index\view\index\index.html [ array (
) ]
[ info ] [ LOG ] INIT File
---------------------------------------------------------------
[ 2019-09-21T15:22:25+08:00 ] 0.0.0.0 GET /mp/index.php
[ info ] localhost/mp/index.php [运行时间：0.018628s][吞吐率：53.68req/s] [内存消耗：2,214.70kb] [文件加载：38]
[ info ] [ LANG ] D:\MilFun\Apache24\htdocs\mp\thinkphp\lang\zh-cn.php
[ info ] [ ROUTE ] array (
  'type' => 'module',
  'module' => 
  array (
    0 => '',
    1 => NULL,
    2 => NULL,
  ),
)
[ info ] [ HEADER ] array (
  'host' => 'localhost',
  'connection' => 'keep-alive',
  'cache-control' => 'max-age=0',
  'upgrade-insecure-requests' => '1',
  'user-agent' => 'Mozilla/5.0 (Windows NT 10.0; Win64; x64) AppleWebKit/537.36 (KHTML, like Gecko) Chrome/76.0.3809.132 Safari/537.36',
  'sec-fetch-mode' => 'navigate',
  'sec-fetch-user' => '?1',
  'accept' => 'text/html,application/xhtml+xml,application/xml;q=0.9,image/webp,image/apng,*/*;q=0.8,application/signed-exchange;v=b3',
  'sec-fetch-site' => 'none',
  'accept-encoding' => 'gzip, deflate, br',
  'accept-language' => 'zh-CN,zh;q=0.9',
  'cookie' => 'thinkphp_show_page_trace=0|0; pgv_pvi=9689078784; UM_distinctid=16d38b311fc3a1-0c78e54ec6bd2-5373e62-1fa400-16d38b311fe5b3; CNZZDATA5342091=cnzz_eid%3D731655640-1568611066-null%26ntime%3D1568611066',
)
[ info ] [ PARAM ] array (
)
[ info ] [ RUN ] app\index\controller\Index->index[ D:\MilFun\Apache24\htdocs\mp\application\index\controller\Index.php ]
[ info ] [ VIEW ] D:\MilFun\Apache24\htdocs\mp/application/index\view\index\index.html [ array (
) ]
[ info ] [ LOG ] INIT File
---------------------------------------------------------------
[ 2019-09-21T15:22:26+08:00 ] 0.0.0.0 GET /mp/index.php
[ info ] localhost/mp/index.php [运行时间：0.016279s][吞吐率：61.43req/s] [内存消耗：2,214.70kb] [文件加载：38]
[ info ] [ LANG ] D:\MilFun\Apache24\htdocs\mp\thinkphp\lang\zh-cn.php
[ info ] [ ROUTE ] array (
  'type' => 'module',
  'module' => 
  array (
    0 => '',
    1 => NULL,
    2 => NULL,
  ),
)
[ info ] [ HEADER ] array (
  'host' => 'localhost',
  'connection' => 'keep-alive',
  'cache-control' => 'max-age=0',
  'upgrade-insecure-requests' => '1',
  'user-agent' => 'Mozilla/5.0 (Windows NT 10.0; Win64; x64) AppleWebKit/537.36 (KHTML, like Gecko) Chrome/76.0.3809.132 Safari/537.36',
  'sec-fetch-mode' => 'navigate',
  'sec-fetch-user' => '?1',
  'accept' => 'text/html,application/xhtml+xml,application/xml;q=0.9,image/webp,image/apng,*/*;q=0.8,application/signed-exchange;v=b3',
  'sec-fetch-site' => 'none',
  'accept-encoding' => 'gzip, deflate, br',
  'accept-language' => 'zh-CN,zh;q=0.9',
  'cookie' => 'thinkphp_show_page_trace=0|0; pgv_pvi=9689078784; UM_distinctid=16d38b311fc3a1-0c78e54ec6bd2-5373e62-1fa400-16d38b311fe5b3; CNZZDATA5342091=cnzz_eid%3D731655640-1568611066-null%26ntime%3D1568611066',
)
[ info ] [ PARAM ] array (
)
[ info ] [ RUN ] app\index\controller\Index->index[ D:\MilFun\Apache24\htdocs\mp\application\index\controller\Index.php ]
[ info ] [ VIEW ] D:\MilFun\Apache24\htdocs\mp/application/index\view\index\index.html [ array (
) ]
[ info ] [ LOG ] INIT File
---------------------------------------------------------------
[ 2019-09-21T15:22:26+08:00 ] 0.0.0.0 GET /mp/index.php
[ info ] localhost/mp/index.php [运行时间：0.018608s][吞吐率：53.74req/s] [内存消耗：2,214.70kb] [文件加载：38]
[ info ] [ LANG ] D:\MilFun\Apache24\htdocs\mp\thinkphp\lang\zh-cn.php
[ info ] [ ROUTE ] array (
  'type' => 'module',
  'module' => 
  array (
    0 => '',
    1 => NULL,
    2 => NULL,
  ),
)
[ info ] [ HEADER ] array (
  'host' => 'localhost',
  'connection' => 'keep-alive',
  'cache-control' => 'max-age=0',
  'upgrade-insecure-requests' => '1',
  'user-agent' => 'Mozilla/5.0 (Windows NT 10.0; Win64; x64) AppleWebKit/537.36 (KHTML, like Gecko) Chrome/76.0.3809.132 Safari/537.36',
  'sec-fetch-mode' => 'navigate',
  'sec-fetch-user' => '?1',
  'accept' => 'text/html,application/xhtml+xml,application/xml;q=0.9,image/webp,image/apng,*/*;q=0.8,application/signed-exchange;v=b3',
  'sec-fetch-site' => 'none',
  'accept-encoding' => 'gzip, deflate, br',
  'accept-language' => 'zh-CN,zh;q=0.9',
  'cookie' => 'thinkphp_show_page_trace=0|0; pgv_pvi=9689078784; UM_distinctid=16d38b311fc3a1-0c78e54ec6bd2-5373e62-1fa400-16d38b311fe5b3; CNZZDATA5342091=cnzz_eid%3D731655640-1568611066-null%26ntime%3D1568611066',
)
[ info ] [ PARAM ] array (
)
[ info ] [ RUN ] app\index\controller\Index->index[ D:\MilFun\Apache24\htdocs\mp\application\index\controller\Index.php ]
[ info ] [ VIEW ] D:\MilFun\Apache24\htdocs\mp/application/index\view\index\index.html [ array (
) ]
[ info ] [ LOG ] INIT File
---------------------------------------------------------------
[ 2019-09-21T15:23:08+08:00 ] 0.0.0.0 GET /mp/index.php
[ info ] localhost/mp/index.php [运行时间：0.021153s][吞吐率：47.27req/s] [内存消耗：2,430.09kb] [文件加载：40]
[ info ] [ LANG ] D:\MilFun\Apache24\htdocs\mp\thinkphp\lang\zh-cn.php
[ info ] [ ROUTE ] array (
  'type' => 'module',
  'module' => 
  array (
    0 => '',
    1 => NULL,
    2 => NULL,
  ),
)
[ info ] [ HEADER ] array (
  'host' => 'localhost',
  'connection' => 'keep-alive',
  'cache-control' => 'max-age=0',
  'upgrade-insecure-requests' => '1',
  'user-agent' => 'Mozilla/5.0 (Windows NT 10.0; Win64; x64) AppleWebKit/537.36 (KHTML, like Gecko) Chrome/76.0.3809.132 Safari/537.36',
  'sec-fetch-mode' => 'navigate',
  'sec-fetch-user' => '?1',
  'accept' => 'text/html,application/xhtml+xml,application/xml;q=0.9,image/webp,image/apng,*/*;q=0.8,application/signed-exchange;v=b3',
  'sec-fetch-site' => 'none',
  'accept-encoding' => 'gzip, deflate, br',
  'accept-language' => 'zh-CN,zh;q=0.9',
  'cookie' => 'thinkphp_show_page_trace=0|0; pgv_pvi=9689078784; UM_distinctid=16d38b311fc3a1-0c78e54ec6bd2-5373e62-1fa400-16d38b311fe5b3; CNZZDATA5342091=cnzz_eid%3D731655640-1568611066-null%26ntime%3D1568611066',
)
[ info ] [ PARAM ] array (
)
[ info ] [ RUN ] app\index\controller\Index->index[ D:\MilFun\Apache24\htdocs\mp\application\index\controller\Index.php ]
[ info ] [ VIEW ] D:\MilFun\Apache24\htdocs\mp/application/index\view\index\index.html [ array (
) ]
[ info ] [ LOG ] INIT File
---------------------------------------------------------------
[ 2019-09-21T15:23:09+08:00 ] 0.0.0.0 GET /mp/index.php
[ info ] localhost/mp/index.php [运行时间：0.016061s][吞吐率：62.26req/s] [内存消耗：2,214.70kb] [文件加载：38]
[ info ] [ LANG ] D:\MilFun\Apache24\htdocs\mp\thinkphp\lang\zh-cn.php
[ info ] [ ROUTE ] array (
  'type' => 'module',
  'module' => 
  array (
    0 => '',
    1 => NULL,
    2 => NULL,
  ),
)
[ info ] [ HEADER ] array (
  'host' => 'localhost',
  'connection' => 'keep-alive',
  'cache-control' => 'max-age=0',
  'upgrade-insecure-requests' => '1',
  'user-agent' => 'Mozilla/5.0 (Windows NT 10.0; Win64; x64) AppleWebKit/537.36 (KHTML, like Gecko) Chrome/76.0.3809.132 Safari/537.36',
  'sec-fetch-mode' => 'navigate',
  'sec-fetch-user' => '?1',
  'accept' => 'text/html,application/xhtml+xml,application/xml;q=0.9,image/webp,image/apng,*/*;q=0.8,application/signed-exchange;v=b3',
  'sec-fetch-site' => 'none',
  'accept-encoding' => 'gzip, deflate, br',
  'accept-language' => 'zh-CN,zh;q=0.9',
  'cookie' => 'thinkphp_show_page_trace=0|0; pgv_pvi=9689078784; UM_distinctid=16d38b311fc3a1-0c78e54ec6bd2-5373e62-1fa400-16d38b311fe5b3; CNZZDATA5342091=cnzz_eid%3D731655640-1568611066-null%26ntime%3D1568611066',
)
[ info ] [ PARAM ] array (
)
[ info ] [ RUN ] app\index\controller\Index->index[ D:\MilFun\Apache24\htdocs\mp\application\index\controller\Index.php ]
[ info ] [ VIEW ] D:\MilFun\Apache24\htdocs\mp/application/index\view\index\index.html [ array (
) ]
[ info ] [ LOG ] INIT File
---------------------------------------------------------------
[ 2019-09-21T15:24:22+08:00 ] 0.0.0.0 GET /mp/index.php
[ info ] localhost/mp/index.php [运行时间：0.020958s][吞吐率：47.71req/s] [内存消耗：2,430.13kb] [文件加载：40]
[ info ] [ LANG ] D:\MilFun\Apache24\htdocs\mp\thinkphp\lang\zh-cn.php
[ info ] [ ROUTE ] array (
  'type' => 'module',
  'module' => 
  array (
    0 => '',
    1 => NULL,
    2 => NULL,
  ),
)
[ info ] [ HEADER ] array (
  'host' => 'localhost',
  'connection' => 'keep-alive',
  'cache-control' => 'max-age=0',
  'upgrade-insecure-requests' => '1',
  'user-agent' => 'Mozilla/5.0 (Windows NT 10.0; Win64; x64) AppleWebKit/537.36 (KHTML, like Gecko) Chrome/76.0.3809.132 Safari/537.36',
  'sec-fetch-mode' => 'navigate',
  'sec-fetch-user' => '?1',
  'accept' => 'text/html,application/xhtml+xml,application/xml;q=0.9,image/webp,image/apng,*/*;q=0.8,application/signed-exchange;v=b3',
  'sec-fetch-site' => 'none',
  'accept-encoding' => 'gzip, deflate, br',
  'accept-language' => 'zh-CN,zh;q=0.9',
  'cookie' => 'thinkphp_show_page_trace=0|0; pgv_pvi=9689078784; UM_distinctid=16d38b311fc3a1-0c78e54ec6bd2-5373e62-1fa400-16d38b311fe5b3; CNZZDATA5342091=cnzz_eid%3D731655640-1568611066-null%26ntime%3D1568611066',
)
[ info ] [ PARAM ] array (
)
[ info ] [ RUN ] app\index\controller\Index->index[ D:\MilFun\Apache24\htdocs\mp\application\index\controller\Index.php ]
[ info ] [ VIEW ] D:\MilFun\Apache24\htdocs\mp/application/index\view\index\index.html [ array (
) ]
[ info ] [ LOG ] INIT File
---------------------------------------------------------------
[ 2019-09-21T15:24:23+08:00 ] 0.0.0.0 GET /mp/index.php
[ info ] localhost/mp/index.php [运行时间：0.016865s][吞吐率：59.29req/s] [内存消耗：2,214.69kb] [文件加载：38]
[ info ] [ LANG ] D:\MilFun\Apache24\htdocs\mp\thinkphp\lang\zh-cn.php
[ info ] [ ROUTE ] array (
  'type' => 'module',
  'module' => 
  array (
    0 => '',
    1 => NULL,
    2 => NULL,
  ),
)
[ info ] [ HEADER ] array (
  'host' => 'localhost',
  'connection' => 'keep-alive',
  'cache-control' => 'max-age=0',
  'upgrade-insecure-requests' => '1',
  'user-agent' => 'Mozilla/5.0 (Windows NT 10.0; Win64; x64) AppleWebKit/537.36 (KHTML, like Gecko) Chrome/76.0.3809.132 Safari/537.36',
  'sec-fetch-mode' => 'navigate',
  'sec-fetch-user' => '?1',
  'accept' => 'text/html,application/xhtml+xml,application/xml;q=0.9,image/webp,image/apng,*/*;q=0.8,application/signed-exchange;v=b3',
  'sec-fetch-site' => 'none',
  'accept-encoding' => 'gzip, deflate, br',
  'accept-language' => 'zh-CN,zh;q=0.9',
  'cookie' => 'thinkphp_show_page_trace=0|0; pgv_pvi=9689078784; UM_distinctid=16d38b311fc3a1-0c78e54ec6bd2-5373e62-1fa400-16d38b311fe5b3; CNZZDATA5342091=cnzz_eid%3D731655640-1568611066-null%26ntime%3D1568611066',
)
[ info ] [ PARAM ] array (
)
[ info ] [ RUN ] app\index\controller\Index->index[ D:\MilFun\Apache24\htdocs\mp\application\index\controller\Index.php ]
[ info ] [ VIEW ] D:\MilFun\Apache24\htdocs\mp/application/index\view\index\index.html [ array (
) ]
[ info ] [ LOG ] INIT File
---------------------------------------------------------------
[ 2019-09-21T15:31:05+08:00 ] 0.0.0.0 GET /mp/index.php
[ info ] localhost/mp/index.php [运行时间：0.022014s][吞吐率：45.43req/s] [内存消耗：2,430.09kb] [文件加载：40]
[ info ] [ LANG ] D:\MilFun\Apache24\htdocs\mp\thinkphp\lang\zh-cn.php
[ info ] [ ROUTE ] array (
  'type' => 'module',
  'module' => 
  array (
    0 => '',
    1 => NULL,
    2 => NULL,
  ),
)
[ info ] [ HEADER ] array (
  'host' => 'localhost',
  'connection' => 'keep-alive',
  'cache-control' => 'max-age=0',
  'upgrade-insecure-requests' => '1',
  'user-agent' => 'Mozilla/5.0 (Windows NT 10.0; Win64; x64) AppleWebKit/537.36 (KHTML, like Gecko) Chrome/76.0.3809.132 Safari/537.36',
  'sec-fetch-mode' => 'navigate',
  'sec-fetch-user' => '?1',
  'accept' => 'text/html,application/xhtml+xml,application/xml;q=0.9,image/webp,image/apng,*/*;q=0.8,application/signed-exchange;v=b3',
  'sec-fetch-site' => 'none',
  'accept-encoding' => 'gzip, deflate, br',
  'accept-language' => 'zh-CN,zh;q=0.9',
  'cookie' => 'thinkphp_show_page_trace=0|0; pgv_pvi=9689078784; UM_distinctid=16d38b311fc3a1-0c78e54ec6bd2-5373e62-1fa400-16d38b311fe5b3; CNZZDATA5342091=cnzz_eid%3D731655640-1568611066-null%26ntime%3D1568611066',
)
[ info ] [ PARAM ] array (
)
[ info ] [ RUN ] app\index\controller\Index->index[ D:\MilFun\Apache24\htdocs\mp\application\index\controller\Index.php ]
[ info ] [ VIEW ] D:\MilFun\Apache24\htdocs\mp/application/index\view\index\index.html [ array (
) ]
[ info ] [ LOG ] INIT File
---------------------------------------------------------------
[ 2019-09-21T15:31:06+08:00 ] 0.0.0.0 GET /mp/index.php
[ info ] localhost/mp/index.php [运行时间：0.016221s][吞吐率：61.65req/s] [内存消耗：2,214.73kb] [文件加载：38]
[ info ] [ LANG ] D:\MilFun\Apache24\htdocs\mp\thinkphp\lang\zh-cn.php
[ info ] [ ROUTE ] array (
  'type' => 'module',
  'module' => 
  array (
    0 => '',
    1 => NULL,
    2 => NULL,
  ),
)
[ info ] [ HEADER ] array (
  'host' => 'localhost',
  'connection' => 'keep-alive',
  'cache-control' => 'max-age=0',
  'upgrade-insecure-requests' => '1',
  'user-agent' => 'Mozilla/5.0 (Windows NT 10.0; Win64; x64) AppleWebKit/537.36 (KHTML, like Gecko) Chrome/76.0.3809.132 Safari/537.36',
  'sec-fetch-mode' => 'navigate',
  'sec-fetch-user' => '?1',
  'accept' => 'text/html,application/xhtml+xml,application/xml;q=0.9,image/webp,image/apng,*/*;q=0.8,application/signed-exchange;v=b3',
  'sec-fetch-site' => 'none',
  'accept-encoding' => 'gzip, deflate, br',
  'accept-language' => 'zh-CN,zh;q=0.9',
  'cookie' => 'thinkphp_show_page_trace=0|0; pgv_pvi=9689078784; UM_distinctid=16d38b311fc3a1-0c78e54ec6bd2-5373e62-1fa400-16d38b311fe5b3; CNZZDATA5342091=cnzz_eid%3D731655640-1568611066-null%26ntime%3D1568611066',
)
[ info ] [ PARAM ] array (
)
[ info ] [ RUN ] app\index\controller\Index->index[ D:\MilFun\Apache24\htdocs\mp\application\index\controller\Index.php ]
[ info ] [ VIEW ] D:\MilFun\Apache24\htdocs\mp/application/index\view\index\index.html [ array (
) ]
[ info ] [ LOG ] INIT File
---------------------------------------------------------------
[ 2019-09-21T15:31:37+08:00 ] 0.0.0.0 GET /mp/index.php
[ info ] localhost/mp/index.php [运行时间：0.016208s][吞吐率：61.70req/s] [内存消耗：2,194.53kb] [文件加载：37]
[ info ] [ LANG ] D:\MilFun\Apache24\htdocs\mp\thinkphp\lang\zh-cn.php
[ info ] [ ROUTE ] array (
  'type' => 'module',
  'module' => 
  array (
    0 => '',
    1 => NULL,
    2 => NULL,
  ),
)
[ info ] [ HEADER ] array (
  'host' => 'localhost',
  'connection' => 'keep-alive',
  'cache-control' => 'max-age=0',
  'upgrade-insecure-requests' => '1',
  'user-agent' => 'Mozilla/5.0 (Windows NT 10.0; Win64; x64) AppleWebKit/537.36 (KHTML, like Gecko) Chrome/76.0.3809.132 Safari/537.36',
  'sec-fetch-mode' => 'navigate',
  'sec-fetch-user' => '?1',
  'accept' => 'text/html,application/xhtml+xml,application/xml;q=0.9,image/webp,image/apng,*/*;q=0.8,application/signed-exchange;v=b3',
  'sec-fetch-site' => 'none',
  'accept-encoding' => 'gzip, deflate, br',
  'accept-language' => 'zh-CN,zh;q=0.9',
  'cookie' => 'thinkphp_show_page_trace=0|0; pgv_pvi=9689078784; UM_distinctid=16d38b311fc3a1-0c78e54ec6bd2-5373e62-1fa400-16d38b311fe5b3; CNZZDATA5342091=cnzz_eid%3D731655640-1568611066-null%26ntime%3D1568611066',
)
[ info ] [ PARAM ] array (
)
[ info ] [ RUN ] app\index\controller\Index->index[ D:\MilFun\Apache24\htdocs\mp\application\index\controller\Index.php ]
[ info ] [ VIEW ] D:\MilFun\Apache24\htdocs\mp/application/index\view\index\index.html [ array (
) ]
[ info ] [ LOG ] INIT File
---------------------------------------------------------------
[ 2019-09-21T15:31:38+08:00 ] 0.0.0.0 GET /mp/index.php
[ info ] localhost/mp/index.php [运行时间：0.020186s][吞吐率：49.54req/s] [内存消耗：2,194.53kb] [文件加载：37]
[ info ] [ LANG ] D:\MilFun\Apache24\htdocs\mp\thinkphp\lang\zh-cn.php
[ info ] [ ROUTE ] array (
  'type' => 'module',
  'module' => 
  array (
    0 => '',
    1 => NULL,
    2 => NULL,
  ),
)
[ info ] [ HEADER ] array (
  'host' => 'localhost',
  'connection' => 'keep-alive',
  'cache-control' => 'max-age=0',
  'upgrade-insecure-requests' => '1',
  'user-agent' => 'Mozilla/5.0 (Windows NT 10.0; Win64; x64) AppleWebKit/537.36 (KHTML, like Gecko) Chrome/76.0.3809.132 Safari/537.36',
  'sec-fetch-mode' => 'navigate',
  'sec-fetch-user' => '?1',
  'accept' => 'text/html,application/xhtml+xml,application/xml;q=0.9,image/webp,image/apng,*/*;q=0.8,application/signed-exchange;v=b3',
  'sec-fetch-site' => 'none',
  'accept-encoding' => 'gzip, deflate, br',
  'accept-language' => 'zh-CN,zh;q=0.9',
  'cookie' => 'thinkphp_show_page_trace=0|0; pgv_pvi=9689078784; UM_distinctid=16d38b311fc3a1-0c78e54ec6bd2-5373e62-1fa400-16d38b311fe5b3; CNZZDATA5342091=cnzz_eid%3D731655640-1568611066-null%26ntime%3D1568611066',
)
[ info ] [ PARAM ] array (
)
[ info ] [ RUN ] app\index\controller\Index->index[ D:\MilFun\Apache24\htdocs\mp\application\index\controller\Index.php ]
[ info ] [ VIEW ] D:\MilFun\Apache24\htdocs\mp/application/index\view\index\index.html [ array (
) ]
[ info ] [ LOG ] INIT File
---------------------------------------------------------------
[ 2019-09-21T15:31:39+08:00 ] 0.0.0.0 GET /mp/index.php
[ info ] localhost/mp/index.php [运行时间：0.017288s][吞吐率：57.84req/s] [内存消耗：2,194.53kb] [文件加载：37]
[ info ] [ LANG ] D:\MilFun\Apache24\htdocs\mp\thinkphp\lang\zh-cn.php
[ info ] [ ROUTE ] array (
  'type' => 'module',
  'module' => 
  array (
    0 => '',
    1 => NULL,
    2 => NULL,
  ),
)
[ info ] [ HEADER ] array (
  'host' => 'localhost',
  'connection' => 'keep-alive',
  'cache-control' => 'max-age=0',
  'upgrade-insecure-requests' => '1',
  'user-agent' => 'Mozilla/5.0 (Windows NT 10.0; Win64; x64) AppleWebKit/537.36 (KHTML, like Gecko) Chrome/76.0.3809.132 Safari/537.36',
  'sec-fetch-mode' => 'navigate',
  'sec-fetch-user' => '?1',
  'accept' => 'text/html,application/xhtml+xml,application/xml;q=0.9,image/webp,image/apng,*/*;q=0.8,application/signed-exchange;v=b3',
  'sec-fetch-site' => 'none',
  'accept-encoding' => 'gzip, deflate, br',
  'accept-language' => 'zh-CN,zh;q=0.9',
  'cookie' => 'thinkphp_show_page_trace=0|0; pgv_pvi=9689078784; UM_distinctid=16d38b311fc3a1-0c78e54ec6bd2-5373e62-1fa400-16d38b311fe5b3; CNZZDATA5342091=cnzz_eid%3D731655640-1568611066-null%26ntime%3D1568611066',
)
[ info ] [ PARAM ] array (
)
[ info ] [ RUN ] app\index\controller\Index->index[ D:\MilFun\Apache24\htdocs\mp\application\index\controller\Index.php ]
[ info ] [ VIEW ] D:\MilFun\Apache24\htdocs\mp/application/index\view\index\index.html [ array (
) ]
[ info ] [ LOG ] INIT File
---------------------------------------------------------------
[ 2019-09-21T15:31:41+08:00 ] 0.0.0.0 GET /mp/index.php
[ info ] localhost/mp/index.php [运行时间：0.020150s][吞吐率：49.63req/s] [内存消耗：2,194.53kb] [文件加载：37]
[ info ] [ LANG ] D:\MilFun\Apache24\htdocs\mp\thinkphp\lang\zh-cn.php
[ info ] [ ROUTE ] array (
  'type' => 'module',
  'module' => 
  array (
    0 => '',
    1 => NULL,
    2 => NULL,
  ),
)
[ info ] [ HEADER ] array (
  'host' => 'localhost',
  'connection' => 'keep-alive',
  'cache-control' => 'max-age=0',
  'upgrade-insecure-requests' => '1',
  'user-agent' => 'Mozilla/5.0 (Windows NT 10.0; Win64; x64) AppleWebKit/537.36 (KHTML, like Gecko) Chrome/76.0.3809.132 Safari/537.36',
  'sec-fetch-mode' => 'navigate',
  'sec-fetch-user' => '?1',
  'accept' => 'text/html,application/xhtml+xml,application/xml;q=0.9,image/webp,image/apng,*/*;q=0.8,application/signed-exchange;v=b3',
  'sec-fetch-site' => 'none',
  'accept-encoding' => 'gzip, deflate, br',
  'accept-language' => 'zh-CN,zh;q=0.9',
  'cookie' => 'thinkphp_show_page_trace=0|0; pgv_pvi=9689078784; UM_distinctid=16d38b311fc3a1-0c78e54ec6bd2-5373e62-1fa400-16d38b311fe5b3; CNZZDATA5342091=cnzz_eid%3D731655640-1568611066-null%26ntime%3D1568611066',
)
[ info ] [ PARAM ] array (
)
[ info ] [ RUN ] app\index\controller\Index->index[ D:\MilFun\Apache24\htdocs\mp\application\index\controller\Index.php ]
[ info ] [ VIEW ] D:\MilFun\Apache24\htdocs\mp/application/index\view\index\index.html [ array (
) ]
[ info ] [ LOG ] INIT File
---------------------------------------------------------------
[ 2019-09-21T15:32:02+08:00 ] 0.0.0.0 GET /mp/index.php
[ info ] localhost/mp/index.php [运行时间：0.018048s][吞吐率：55.41req/s] [内存消耗：2,410.14kb] [文件加载：39]
[ info ] [ LANG ] D:\MilFun\Apache24\htdocs\mp\thinkphp\lang\zh-cn.php
[ info ] [ ROUTE ] array (
  'type' => 'module',
  'module' => 
  array (
    0 => '',
    1 => NULL,
    2 => NULL,
  ),
)
[ info ] [ HEADER ] array (
  'host' => 'localhost',
  'connection' => 'keep-alive',
  'cache-control' => 'max-age=0',
  'upgrade-insecure-requests' => '1',
  'user-agent' => 'Mozilla/5.0 (Windows NT 10.0; Win64; x64) AppleWebKit/537.36 (KHTML, like Gecko) Chrome/76.0.3809.132 Safari/537.36',
  'sec-fetch-mode' => 'navigate',
  'sec-fetch-user' => '?1',
  'accept' => 'text/html,application/xhtml+xml,application/xml;q=0.9,image/webp,image/apng,*/*;q=0.8,application/signed-exchange;v=b3',
  'sec-fetch-site' => 'none',
  'accept-encoding' => 'gzip, deflate, br',
  'accept-language' => 'zh-CN,zh;q=0.9',
  'cookie' => 'thinkphp_show_page_trace=0|0; pgv_pvi=9689078784; UM_distinctid=16d38b311fc3a1-0c78e54ec6bd2-5373e62-1fa400-16d38b311fe5b3; CNZZDATA5342091=cnzz_eid%3D731655640-1568611066-null%26ntime%3D1568611066',
)
[ info ] [ PARAM ] array (
)
[ info ] [ RUN ] app\index\controller\Index->index[ D:\MilFun\Apache24\htdocs\mp\application\index\controller\Index.php ]
[ info ] [ VIEW ] D:\MilFun\Apache24\htdocs\mp/application/index\view\index\index.html [ array (
) ]
[ info ] [ LOG ] INIT File
---------------------------------------------------------------
[ 2019-09-21T15:32:03+08:00 ] 0.0.0.0 GET /mp/index.php
[ info ] localhost/mp/index.php [运行时间：0.015181s][吞吐率：65.87req/s] [内存消耗：2,194.58kb] [文件加载：37]
[ info ] [ LANG ] D:\MilFun\Apache24\htdocs\mp\thinkphp\lang\zh-cn.php
[ info ] [ ROUTE ] array (
  'type' => 'module',
  'module' => 
  array (
    0 => '',
    1 => NULL,
    2 => NULL,
  ),
)
[ info ] [ HEADER ] array (
  'host' => 'localhost',
  'connection' => 'keep-alive',
  'cache-control' => 'max-age=0',
  'upgrade-insecure-requests' => '1',
  'user-agent' => 'Mozilla/5.0 (Windows NT 10.0; Win64; x64) AppleWebKit/537.36 (KHTML, like Gecko) Chrome/76.0.3809.132 Safari/537.36',
  'sec-fetch-mode' => 'navigate',
  'sec-fetch-user' => '?1',
  'accept' => 'text/html,application/xhtml+xml,application/xml;q=0.9,image/webp,image/apng,*/*;q=0.8,application/signed-exchange;v=b3',
  'sec-fetch-site' => 'none',
  'accept-encoding' => 'gzip, deflate, br',
  'accept-language' => 'zh-CN,zh;q=0.9',
  'cookie' => 'thinkphp_show_page_trace=0|0; pgv_pvi=9689078784; UM_distinctid=16d38b311fc3a1-0c78e54ec6bd2-5373e62-1fa400-16d38b311fe5b3; CNZZDATA5342091=cnzz_eid%3D731655640-1568611066-null%26ntime%3D1568611066',
)
[ info ] [ PARAM ] array (
)
[ info ] [ RUN ] app\index\controller\Index->index[ D:\MilFun\Apache24\htdocs\mp\application\index\controller\Index.php ]
[ info ] [ VIEW ] D:\MilFun\Apache24\htdocs\mp/application/index\view\index\index.html [ array (
) ]
[ info ] [ LOG ] INIT File
---------------------------------------------------------------
[ 2019-09-21T15:32:28+08:00 ] 0.0.0.0 GET /mp/index.php
[ info ] localhost/mp/index.php [运行时间：0.023536s][吞吐率：42.49req/s] [内存消耗：2,410.10kb] [文件加载：39]
[ info ] [ LANG ] D:\MilFun\Apache24\htdocs\mp\thinkphp\lang\zh-cn.php
[ info ] [ ROUTE ] array (
  'type' => 'module',
  'module' => 
  array (
    0 => '',
    1 => NULL,
    2 => NULL,
  ),
)
[ info ] [ HEADER ] array (
  'host' => 'localhost',
  'connection' => 'keep-alive',
  'cache-control' => 'max-age=0',
  'upgrade-insecure-requests' => '1',
  'user-agent' => 'Mozilla/5.0 (Windows NT 10.0; Win64; x64) AppleWebKit/537.36 (KHTML, like Gecko) Chrome/76.0.3809.132 Safari/537.36',
  'sec-fetch-mode' => 'navigate',
  'sec-fetch-user' => '?1',
  'accept' => 'text/html,application/xhtml+xml,application/xml;q=0.9,image/webp,image/apng,*/*;q=0.8,application/signed-exchange;v=b3',
  'sec-fetch-site' => 'none',
  'accept-encoding' => 'gzip, deflate, br',
  'accept-language' => 'zh-CN,zh;q=0.9',
  'cookie' => 'thinkphp_show_page_trace=0|0; pgv_pvi=9689078784; UM_distinctid=16d38b311fc3a1-0c78e54ec6bd2-5373e62-1fa400-16d38b311fe5b3; CNZZDATA5342091=cnzz_eid%3D731655640-1568611066-null%26ntime%3D1568611066',
)
[ info ] [ PARAM ] array (
)
[ info ] [ RUN ] app\index\controller\Index->index[ D:\MilFun\Apache24\htdocs\mp\application\index\controller\Index.php ]
[ info ] [ VIEW ] D:\MilFun\Apache24\htdocs\mp/application/index\view\index\index.html [ array (
) ]
[ info ] [ LOG ] INIT File
---------------------------------------------------------------
[ 2019-09-21T15:32:29+08:00 ] 0.0.0.0 GET /mp/index.php
[ info ] localhost/mp/index.php [运行时间：0.019856s][吞吐率：50.36req/s] [内存消耗：2,194.59kb] [文件加载：37]
[ info ] [ LANG ] D:\MilFun\Apache24\htdocs\mp\thinkphp\lang\zh-cn.php
[ info ] [ ROUTE ] array (
  'type' => 'module',
  'module' => 
  array (
    0 => '',
    1 => NULL,
    2 => NULL,
  ),
)
[ info ] [ HEADER ] array (
  'host' => 'localhost',
  'connection' => 'keep-alive',
  'cache-control' => 'max-age=0',
  'upgrade-insecure-requests' => '1',
  'user-agent' => 'Mozilla/5.0 (Windows NT 10.0; Win64; x64) AppleWebKit/537.36 (KHTML, like Gecko) Chrome/76.0.3809.132 Safari/537.36',
  'sec-fetch-mode' => 'navigate',
  'sec-fetch-user' => '?1',
  'accept' => 'text/html,application/xhtml+xml,application/xml;q=0.9,image/webp,image/apng,*/*;q=0.8,application/signed-exchange;v=b3',
  'sec-fetch-site' => 'none',
  'accept-encoding' => 'gzip, deflate, br',
  'accept-language' => 'zh-CN,zh;q=0.9',
  'cookie' => 'thinkphp_show_page_trace=0|0; pgv_pvi=9689078784; UM_distinctid=16d38b311fc3a1-0c78e54ec6bd2-5373e62-1fa400-16d38b311fe5b3; CNZZDATA5342091=cnzz_eid%3D731655640-1568611066-null%26ntime%3D1568611066',
)
[ info ] [ PARAM ] array (
)
[ info ] [ RUN ] app\index\controller\Index->index[ D:\MilFun\Apache24\htdocs\mp\application\index\controller\Index.php ]
[ info ] [ VIEW ] D:\MilFun\Apache24\htdocs\mp/application/index\view\index\index.html [ array (
) ]
[ info ] [ LOG ] INIT File
---------------------------------------------------------------
[ 2019-09-21T15:32:37+08:00 ] 0.0.0.0 GET /mp/index.php
[ info ] localhost/mp/index.php [运行时间：0.024626s][吞吐率：40.61req/s] [内存消耗：2,410.10kb] [文件加载：39]
[ info ] [ LANG ] D:\MilFun\Apache24\htdocs\mp\thinkphp\lang\zh-cn.php
[ info ] [ ROUTE ] array (
  'type' => 'module',
  'module' => 
  array (
    0 => '',
    1 => NULL,
    2 => NULL,
  ),
)
[ info ] [ HEADER ] array (
  'host' => 'localhost',
  'connection' => 'keep-alive',
  'cache-control' => 'max-age=0',
  'upgrade-insecure-requests' => '1',
  'user-agent' => 'Mozilla/5.0 (Windows NT 10.0; Win64; x64) AppleWebKit/537.36 (KHTML, like Gecko) Chrome/76.0.3809.132 Safari/537.36',
  'sec-fetch-mode' => 'navigate',
  'sec-fetch-user' => '?1',
  'accept' => 'text/html,application/xhtml+xml,application/xml;q=0.9,image/webp,image/apng,*/*;q=0.8,application/signed-exchange;v=b3',
  'sec-fetch-site' => 'none',
  'accept-encoding' => 'gzip, deflate, br',
  'accept-language' => 'zh-CN,zh;q=0.9',
  'cookie' => 'thinkphp_show_page_trace=0|0; pgv_pvi=9689078784; UM_distinctid=16d38b311fc3a1-0c78e54ec6bd2-5373e62-1fa400-16d38b311fe5b3; CNZZDATA5342091=cnzz_eid%3D731655640-1568611066-null%26ntime%3D1568611066',
)
[ info ] [ PARAM ] array (
)
[ info ] [ RUN ] app\index\controller\Index->index[ D:\MilFun\Apache24\htdocs\mp\application\index\controller\Index.php ]
[ info ] [ VIEW ] D:\MilFun\Apache24\htdocs\mp/application/index\view\index\index.html [ array (
) ]
[ info ] [ LOG ] INIT File
---------------------------------------------------------------
[ 2019-09-21T15:32:45+08:00 ] 0.0.0.0 GET /mp/index.php
[ info ] localhost/mp/index.php [运行时间：0.020320s][吞吐率：49.21req/s] [内存消耗：2,410.02kb] [文件加载：39]
[ info ] [ LANG ] D:\MilFun\Apache24\htdocs\mp\thinkphp\lang\zh-cn.php
[ info ] [ ROUTE ] array (
  'type' => 'module',
  'module' => 
  array (
    0 => '',
    1 => NULL,
    2 => NULL,
  ),
)
[ info ] [ HEADER ] array (
  'host' => 'localhost',
  'connection' => 'keep-alive',
  'cache-control' => 'max-age=0',
  'upgrade-insecure-requests' => '1',
  'user-agent' => 'Mozilla/5.0 (Windows NT 10.0; Win64; x64) AppleWebKit/537.36 (KHTML, like Gecko) Chrome/76.0.3809.132 Safari/537.36',
  'sec-fetch-mode' => 'navigate',
  'sec-fetch-user' => '?1',
  'accept' => 'text/html,application/xhtml+xml,application/xml;q=0.9,image/webp,image/apng,*/*;q=0.8,application/signed-exchange;v=b3',
  'sec-fetch-site' => 'none',
  'accept-encoding' => 'gzip, deflate, br',
  'accept-language' => 'zh-CN,zh;q=0.9',
  'cookie' => 'thinkphp_show_page_trace=0|0; pgv_pvi=9689078784; UM_distinctid=16d38b311fc3a1-0c78e54ec6bd2-5373e62-1fa400-16d38b311fe5b3; CNZZDATA5342091=cnzz_eid%3D731655640-1568611066-null%26ntime%3D1568611066',
)
[ info ] [ PARAM ] array (
)
[ info ] [ RUN ] app\index\controller\Index->index[ D:\MilFun\Apache24\htdocs\mp\application\index\controller\Index.php ]
[ info ] [ VIEW ] D:\MilFun\Apache24\htdocs\mp/application/index\view\index\index.html [ array (
) ]
[ info ] [ LOG ] INIT File
---------------------------------------------------------------
[ 2019-09-21T15:32:45+08:00 ] 0.0.0.0 GET /mp/index.php
[ info ] localhost/mp/index.php [运行时间：0.016472s][吞吐率：60.71req/s] [内存消耗：2,194.59kb] [文件加载：37]
[ info ] [ LANG ] D:\MilFun\Apache24\htdocs\mp\thinkphp\lang\zh-cn.php
[ info ] [ ROUTE ] array (
  'type' => 'module',
  'module' => 
  array (
    0 => '',
    1 => NULL,
    2 => NULL,
  ),
)
[ info ] [ HEADER ] array (
  'host' => 'localhost',
  'connection' => 'keep-alive',
  'cache-control' => 'max-age=0',
  'upgrade-insecure-requests' => '1',
  'user-agent' => 'Mozilla/5.0 (Windows NT 10.0; Win64; x64) AppleWebKit/537.36 (KHTML, like Gecko) Chrome/76.0.3809.132 Safari/537.36',
  'sec-fetch-mode' => 'navigate',
  'sec-fetch-user' => '?1',
  'accept' => 'text/html,application/xhtml+xml,application/xml;q=0.9,image/webp,image/apng,*/*;q=0.8,application/signed-exchange;v=b3',
  'sec-fetch-site' => 'none',
  'accept-encoding' => 'gzip, deflate, br',
  'accept-language' => 'zh-CN,zh;q=0.9',
  'cookie' => 'thinkphp_show_page_trace=0|0; pgv_pvi=9689078784; UM_distinctid=16d38b311fc3a1-0c78e54ec6bd2-5373e62-1fa400-16d38b311fe5b3; CNZZDATA5342091=cnzz_eid%3D731655640-1568611066-null%26ntime%3D1568611066',
)
[ info ] [ PARAM ] array (
)
[ info ] [ RUN ] app\index\controller\Index->index[ D:\MilFun\Apache24\htdocs\mp\application\index\controller\Index.php ]
[ info ] [ VIEW ] D:\MilFun\Apache24\htdocs\mp/application/index\view\index\index.html [ array (
) ]
[ info ] [ LOG ] INIT File
---------------------------------------------------------------
[ 2019-09-21T15:32:46+08:00 ] 0.0.0.0 GET /mp/index.php
[ info ] localhost/mp/index.php [运行时间：0.015301s][吞吐率：65.36req/s] [内存消耗：2,194.59kb] [文件加载：37]
[ info ] [ LANG ] D:\MilFun\Apache24\htdocs\mp\thinkphp\lang\zh-cn.php
[ info ] [ ROUTE ] array (
  'type' => 'module',
  'module' => 
  array (
    0 => '',
    1 => NULL,
    2 => NULL,
  ),
)
[ info ] [ HEADER ] array (
  'host' => 'localhost',
  'connection' => 'keep-alive',
  'cache-control' => 'max-age=0',
  'upgrade-insecure-requests' => '1',
  'user-agent' => 'Mozilla/5.0 (Windows NT 10.0; Win64; x64) AppleWebKit/537.36 (KHTML, like Gecko) Chrome/76.0.3809.132 Safari/537.36',
  'sec-fetch-mode' => 'navigate',
  'sec-fetch-user' => '?1',
  'accept' => 'text/html,application/xhtml+xml,application/xml;q=0.9,image/webp,image/apng,*/*;q=0.8,application/signed-exchange;v=b3',
  'sec-fetch-site' => 'none',
  'accept-encoding' => 'gzip, deflate, br',
  'accept-language' => 'zh-CN,zh;q=0.9',
  'cookie' => 'thinkphp_show_page_trace=0|0; pgv_pvi=9689078784; UM_distinctid=16d38b311fc3a1-0c78e54ec6bd2-5373e62-1fa400-16d38b311fe5b3; CNZZDATA5342091=cnzz_eid%3D731655640-1568611066-null%26ntime%3D1568611066',
)
[ info ] [ PARAM ] array (
)
[ info ] [ RUN ] app\index\controller\Index->index[ D:\MilFun\Apache24\htdocs\mp\application\index\controller\Index.php ]
[ info ] [ VIEW ] D:\MilFun\Apache24\htdocs\mp/application/index\view\index\index.html [ array (
) ]
[ info ] [ LOG ] INIT File
---------------------------------------------------------------
[ 2019-09-21T15:32:46+08:00 ] 0.0.0.0 GET /mp/index.php
[ info ] localhost/mp/index.php [运行时间：0.018829s][吞吐率：53.11req/s] [内存消耗：2,194.59kb] [文件加载：37]
[ info ] [ LANG ] D:\MilFun\Apache24\htdocs\mp\thinkphp\lang\zh-cn.php
[ info ] [ ROUTE ] array (
  'type' => 'module',
  'module' => 
  array (
    0 => '',
    1 => NULL,
    2 => NULL,
  ),
)
[ info ] [ HEADER ] array (
  'host' => 'localhost',
  'connection' => 'keep-alive',
  'cache-control' => 'max-age=0',
  'upgrade-insecure-requests' => '1',
  'user-agent' => 'Mozilla/5.0 (Windows NT 10.0; Win64; x64) AppleWebKit/537.36 (KHTML, like Gecko) Chrome/76.0.3809.132 Safari/537.36',
  'sec-fetch-mode' => 'navigate',
  'sec-fetch-user' => '?1',
  'accept' => 'text/html,application/xhtml+xml,application/xml;q=0.9,image/webp,image/apng,*/*;q=0.8,application/signed-exchange;v=b3',
  'sec-fetch-site' => 'none',
  'accept-encoding' => 'gzip, deflate, br',
  'accept-language' => 'zh-CN,zh;q=0.9',
  'cookie' => 'thinkphp_show_page_trace=0|0; pgv_pvi=9689078784; UM_distinctid=16d38b311fc3a1-0c78e54ec6bd2-5373e62-1fa400-16d38b311fe5b3; CNZZDATA5342091=cnzz_eid%3D731655640-1568611066-null%26ntime%3D1568611066',
)
[ info ] [ PARAM ] array (
)
[ info ] [ RUN ] app\index\controller\Index->index[ D:\MilFun\Apache24\htdocs\mp\application\index\controller\Index.php ]
[ info ] [ VIEW ] D:\MilFun\Apache24\htdocs\mp/application/index\view\index\index.html [ array (
) ]
[ info ] [ LOG ] INIT File
---------------------------------------------------------------
[ 2019-09-21T15:32:55+08:00 ] 0.0.0.0 GET /mp/index.php
[ info ] localhost/mp/index.php [运行时间：0.020522s][吞吐率：48.73req/s] [内存消耗：2,410.14kb] [文件加载：39]
[ info ] [ LANG ] D:\MilFun\Apache24\htdocs\mp\thinkphp\lang\zh-cn.php
[ info ] [ ROUTE ] array (
  'type' => 'module',
  'module' => 
  array (
    0 => '',
    1 => NULL,
    2 => NULL,
  ),
)
[ info ] [ HEADER ] array (
  'host' => 'localhost',
  'connection' => 'keep-alive',
  'cache-control' => 'max-age=0',
  'upgrade-insecure-requests' => '1',
  'user-agent' => 'Mozilla/5.0 (Windows NT 10.0; Win64; x64) AppleWebKit/537.36 (KHTML, like Gecko) Chrome/76.0.3809.132 Safari/537.36',
  'sec-fetch-mode' => 'navigate',
  'sec-fetch-user' => '?1',
  'accept' => 'text/html,application/xhtml+xml,application/xml;q=0.9,image/webp,image/apng,*/*;q=0.8,application/signed-exchange;v=b3',
  'sec-fetch-site' => 'none',
  'accept-encoding' => 'gzip, deflate, br',
  'accept-language' => 'zh-CN,zh;q=0.9',
  'cookie' => 'thinkphp_show_page_trace=0|0; pgv_pvi=9689078784; UM_distinctid=16d38b311fc3a1-0c78e54ec6bd2-5373e62-1fa400-16d38b311fe5b3; CNZZDATA5342091=cnzz_eid%3D731655640-1568611066-null%26ntime%3D1568611066',
)
[ info ] [ PARAM ] array (
)
[ info ] [ RUN ] app\index\controller\Index->index[ D:\MilFun\Apache24\htdocs\mp\application\index\controller\Index.php ]
[ info ] [ VIEW ] D:\MilFun\Apache24\htdocs\mp/application/index\view\index\index.html [ array (
) ]
[ info ] [ LOG ] INIT File
---------------------------------------------------------------
[ 2019-09-21T15:32:56+08:00 ] 0.0.0.0 GET /mp/index.php
[ info ] localhost/mp/index.php [运行时间：0.019377s][吞吐率：51.61req/s] [内存消耗：2,194.58kb] [文件加载：37]
[ info ] [ LANG ] D:\MilFun\Apache24\htdocs\mp\thinkphp\lang\zh-cn.php
[ info ] [ ROUTE ] array (
  'type' => 'module',
  'module' => 
  array (
    0 => '',
    1 => NULL,
    2 => NULL,
  ),
)
[ info ] [ HEADER ] array (
  'host' => 'localhost',
  'connection' => 'keep-alive',
  'cache-control' => 'max-age=0',
  'upgrade-insecure-requests' => '1',
  'user-agent' => 'Mozilla/5.0 (Windows NT 10.0; Win64; x64) AppleWebKit/537.36 (KHTML, like Gecko) Chrome/76.0.3809.132 Safari/537.36',
  'sec-fetch-mode' => 'navigate',
  'sec-fetch-user' => '?1',
  'accept' => 'text/html,application/xhtml+xml,application/xml;q=0.9,image/webp,image/apng,*/*;q=0.8,application/signed-exchange;v=b3',
  'sec-fetch-site' => 'none',
  'accept-encoding' => 'gzip, deflate, br',
  'accept-language' => 'zh-CN,zh;q=0.9',
  'cookie' => 'thinkphp_show_page_trace=0|0; pgv_pvi=9689078784; UM_distinctid=16d38b311fc3a1-0c78e54ec6bd2-5373e62-1fa400-16d38b311fe5b3; CNZZDATA5342091=cnzz_eid%3D731655640-1568611066-null%26ntime%3D1568611066',
)
[ info ] [ PARAM ] array (
)
[ info ] [ RUN ] app\index\controller\Index->index[ D:\MilFun\Apache24\htdocs\mp\application\index\controller\Index.php ]
[ info ] [ VIEW ] D:\MilFun\Apache24\htdocs\mp/application/index\view\index\index.html [ array (
) ]
[ info ] [ LOG ] INIT File
---------------------------------------------------------------
[ 2019-09-21T15:33:14+08:00 ] 0.0.0.0 GET /mp/index.php
[ info ] localhost/mp/index.php [运行时间：0.017182s][吞吐率：58.20req/s] [内存消耗：2,194.58kb] [文件加载：37]
[ info ] [ LANG ] D:\MilFun\Apache24\htdocs\mp\thinkphp\lang\zh-cn.php
[ info ] [ ROUTE ] array (
  'type' => 'module',
  'module' => 
  array (
    0 => '',
    1 => NULL,
    2 => NULL,
  ),
)
[ info ] [ HEADER ] array (
  'host' => 'localhost',
  'connection' => 'keep-alive',
  'cache-control' => 'max-age=0',
  'upgrade-insecure-requests' => '1',
  'user-agent' => 'Mozilla/5.0 (Windows NT 10.0; Win64; x64) AppleWebKit/537.36 (KHTML, like Gecko) Chrome/76.0.3809.132 Safari/537.36',
  'sec-fetch-mode' => 'navigate',
  'sec-fetch-user' => '?1',
  'accept' => 'text/html,application/xhtml+xml,application/xml;q=0.9,image/webp,image/apng,*/*;q=0.8,application/signed-exchange;v=b3',
  'sec-fetch-site' => 'none',
  'accept-encoding' => 'gzip, deflate, br',
  'accept-language' => 'zh-CN,zh;q=0.9',
  'cookie' => 'thinkphp_show_page_trace=0|0; pgv_pvi=9689078784; UM_distinctid=16d38b311fc3a1-0c78e54ec6bd2-5373e62-1fa400-16d38b311fe5b3; CNZZDATA5342091=cnzz_eid%3D731655640-1568611066-null%26ntime%3D1568611066',
)
[ info ] [ PARAM ] array (
)
[ info ] [ RUN ] app\index\controller\Index->index[ D:\MilFun\Apache24\htdocs\mp\application\index\controller\Index.php ]
[ info ] [ VIEW ] D:\MilFun\Apache24\htdocs\mp/application/index\view\index\index.html [ array (
) ]
[ info ] [ LOG ] INIT File
---------------------------------------------------------------
[ 2019-09-21T15:33:18+08:00 ] 0.0.0.0 GET /mp/index.php
[ info ] localhost/mp/index.php [运行时间：0.019620s][吞吐率：50.97req/s] [内存消耗：2,194.58kb] [文件加载：37]
[ info ] [ LANG ] D:\MilFun\Apache24\htdocs\mp\thinkphp\lang\zh-cn.php
[ info ] [ ROUTE ] array (
  'type' => 'module',
  'module' => 
  array (
    0 => '',
    1 => NULL,
    2 => NULL,
  ),
)
[ info ] [ HEADER ] array (
  'host' => 'localhost',
  'connection' => 'keep-alive',
  'cache-control' => 'max-age=0',
  'upgrade-insecure-requests' => '1',
  'user-agent' => 'Mozilla/5.0 (Windows NT 10.0; Win64; x64) AppleWebKit/537.36 (KHTML, like Gecko) Chrome/76.0.3809.132 Safari/537.36',
  'sec-fetch-mode' => 'navigate',
  'sec-fetch-user' => '?1',
  'accept' => 'text/html,application/xhtml+xml,application/xml;q=0.9,image/webp,image/apng,*/*;q=0.8,application/signed-exchange;v=b3',
  'sec-fetch-site' => 'none',
  'accept-encoding' => 'gzip, deflate, br',
  'accept-language' => 'zh-CN,zh;q=0.9',
  'cookie' => 'thinkphp_show_page_trace=0|0; pgv_pvi=9689078784; UM_distinctid=16d38b311fc3a1-0c78e54ec6bd2-5373e62-1fa400-16d38b311fe5b3; CNZZDATA5342091=cnzz_eid%3D731655640-1568611066-null%26ntime%3D1568611066',
)
[ info ] [ PARAM ] array (
)
[ info ] [ RUN ] app\index\controller\Index->index[ D:\MilFun\Apache24\htdocs\mp\application\index\controller\Index.php ]
[ info ] [ VIEW ] D:\MilFun\Apache24\htdocs\mp/application/index\view\index\index.html [ array (
) ]
[ info ] [ LOG ] INIT File
---------------------------------------------------------------
[ 2019-09-21T15:33:19+08:00 ] 0.0.0.0 GET /mp/index.php
[ info ] localhost/mp/index.php [运行时间：0.016367s][吞吐率：61.10req/s] [内存消耗：2,194.58kb] [文件加载：37]
[ info ] [ LANG ] D:\MilFun\Apache24\htdocs\mp\thinkphp\lang\zh-cn.php
[ info ] [ ROUTE ] array (
  'type' => 'module',
  'module' => 
  array (
    0 => '',
    1 => NULL,
    2 => NULL,
  ),
)
[ info ] [ HEADER ] array (
  'host' => 'localhost',
  'connection' => 'keep-alive',
  'cache-control' => 'max-age=0',
  'upgrade-insecure-requests' => '1',
  'user-agent' => 'Mozilla/5.0 (Windows NT 10.0; Win64; x64) AppleWebKit/537.36 (KHTML, like Gecko) Chrome/76.0.3809.132 Safari/537.36',
  'sec-fetch-mode' => 'navigate',
  'sec-fetch-user' => '?1',
  'accept' => 'text/html,application/xhtml+xml,application/xml;q=0.9,image/webp,image/apng,*/*;q=0.8,application/signed-exchange;v=b3',
  'sec-fetch-site' => 'none',
  'accept-encoding' => 'gzip, deflate, br',
  'accept-language' => 'zh-CN,zh;q=0.9',
  'cookie' => 'thinkphp_show_page_trace=0|0; pgv_pvi=9689078784; UM_distinctid=16d38b311fc3a1-0c78e54ec6bd2-5373e62-1fa400-16d38b311fe5b3; CNZZDATA5342091=cnzz_eid%3D731655640-1568611066-null%26ntime%3D1568611066',
)
[ info ] [ PARAM ] array (
)
[ info ] [ RUN ] app\index\controller\Index->index[ D:\MilFun\Apache24\htdocs\mp\application\index\controller\Index.php ]
[ info ] [ VIEW ] D:\MilFun\Apache24\htdocs\mp/application/index\view\index\index.html [ array (
) ]
[ info ] [ LOG ] INIT File
---------------------------------------------------------------
[ 2019-09-21T15:33:20+08:00 ] 0.0.0.0 GET /mp/index.php
[ info ] localhost/mp/index.php [运行时间：0.018276s][吞吐率：54.72req/s] [内存消耗：2,194.58kb] [文件加载：37]
[ info ] [ LANG ] D:\MilFun\Apache24\htdocs\mp\thinkphp\lang\zh-cn.php
[ info ] [ ROUTE ] array (
  'type' => 'module',
  'module' => 
  array (
    0 => '',
    1 => NULL,
    2 => NULL,
  ),
)
[ info ] [ HEADER ] array (
  'host' => 'localhost',
  'connection' => 'keep-alive',
  'cache-control' => 'max-age=0',
  'upgrade-insecure-requests' => '1',
  'user-agent' => 'Mozilla/5.0 (Windows NT 10.0; Win64; x64) AppleWebKit/537.36 (KHTML, like Gecko) Chrome/76.0.3809.132 Safari/537.36',
  'sec-fetch-mode' => 'navigate',
  'sec-fetch-user' => '?1',
  'accept' => 'text/html,application/xhtml+xml,application/xml;q=0.9,image/webp,image/apng,*/*;q=0.8,application/signed-exchange;v=b3',
  'sec-fetch-site' => 'none',
  'accept-encoding' => 'gzip, deflate, br',
  'accept-language' => 'zh-CN,zh;q=0.9',
  'cookie' => 'thinkphp_show_page_trace=0|0; pgv_pvi=9689078784; UM_distinctid=16d38b311fc3a1-0c78e54ec6bd2-5373e62-1fa400-16d38b311fe5b3; CNZZDATA5342091=cnzz_eid%3D731655640-1568611066-null%26ntime%3D1568611066',
)
[ info ] [ PARAM ] array (
)
[ info ] [ RUN ] app\index\controller\Index->index[ D:\MilFun\Apache24\htdocs\mp\application\index\controller\Index.php ]
[ info ] [ VIEW ] D:\MilFun\Apache24\htdocs\mp/application/index\view\index\index.html [ array (
) ]
[ info ] [ LOG ] INIT File
---------------------------------------------------------------
[ 2019-09-21T15:33:20+08:00 ] 0.0.0.0 GET /mp/index.php
[ info ] localhost/mp/index.php [运行时间：0.015750s][吞吐率：63.49req/s] [内存消耗：2,194.58kb] [文件加载：37]
[ info ] [ LANG ] D:\MilFun\Apache24\htdocs\mp\thinkphp\lang\zh-cn.php
[ info ] [ ROUTE ] array (
  'type' => 'module',
  'module' => 
  array (
    0 => '',
    1 => NULL,
    2 => NULL,
  ),
)
[ info ] [ HEADER ] array (
  'host' => 'localhost',
  'connection' => 'keep-alive',
  'cache-control' => 'max-age=0',
  'upgrade-insecure-requests' => '1',
  'user-agent' => 'Mozilla/5.0 (Windows NT 10.0; Win64; x64) AppleWebKit/537.36 (KHTML, like Gecko) Chrome/76.0.3809.132 Safari/537.36',
  'sec-fetch-mode' => 'navigate',
  'sec-fetch-user' => '?1',
  'accept' => 'text/html,application/xhtml+xml,application/xml;q=0.9,image/webp,image/apng,*/*;q=0.8,application/signed-exchange;v=b3',
  'sec-fetch-site' => 'none',
  'accept-encoding' => 'gzip, deflate, br',
  'accept-language' => 'zh-CN,zh;q=0.9',
  'cookie' => 'thinkphp_show_page_trace=0|0; pgv_pvi=9689078784; UM_distinctid=16d38b311fc3a1-0c78e54ec6bd2-5373e62-1fa400-16d38b311fe5b3; CNZZDATA5342091=cnzz_eid%3D731655640-1568611066-null%26ntime%3D1568611066',
)
[ info ] [ PARAM ] array (
)
[ info ] [ RUN ] app\index\controller\Index->index[ D:\MilFun\Apache24\htdocs\mp\application\index\controller\Index.php ]
[ info ] [ VIEW ] D:\MilFun\Apache24\htdocs\mp/application/index\view\index\index.html [ array (
) ]
[ info ] [ LOG ] INIT File
---------------------------------------------------------------
[ 2019-09-21T15:33:21+08:00 ] 0.0.0.0 GET /mp/index.php
[ info ] localhost/mp/index.php [运行时间：0.019642s][吞吐率：50.91req/s] [内存消耗：2,194.58kb] [文件加载：37]
[ info ] [ LANG ] D:\MilFun\Apache24\htdocs\mp\thinkphp\lang\zh-cn.php
[ info ] [ ROUTE ] array (
  'type' => 'module',
  'module' => 
  array (
    0 => '',
    1 => NULL,
    2 => NULL,
  ),
)
[ info ] [ HEADER ] array (
  'host' => 'localhost',
  'connection' => 'keep-alive',
  'cache-control' => 'max-age=0',
  'upgrade-insecure-requests' => '1',
  'user-agent' => 'Mozilla/5.0 (Windows NT 10.0; Win64; x64) AppleWebKit/537.36 (KHTML, like Gecko) Chrome/76.0.3809.132 Safari/537.36',
  'sec-fetch-mode' => 'navigate',
  'sec-fetch-user' => '?1',
  'accept' => 'text/html,application/xhtml+xml,application/xml;q=0.9,image/webp,image/apng,*/*;q=0.8,application/signed-exchange;v=b3',
  'sec-fetch-site' => 'none',
  'accept-encoding' => 'gzip, deflate, br',
  'accept-language' => 'zh-CN,zh;q=0.9',
  'cookie' => 'thinkphp_show_page_trace=0|0; pgv_pvi=9689078784; UM_distinctid=16d38b311fc3a1-0c78e54ec6bd2-5373e62-1fa400-16d38b311fe5b3; CNZZDATA5342091=cnzz_eid%3D731655640-1568611066-null%26ntime%3D1568611066',
)
[ info ] [ PARAM ] array (
)
[ info ] [ RUN ] app\index\controller\Index->index[ D:\MilFun\Apache24\htdocs\mp\application\index\controller\Index.php ]
[ info ] [ VIEW ] D:\MilFun\Apache24\htdocs\mp/application/index\view\index\index.html [ array (
) ]
[ info ] [ LOG ] INIT File
