---------------------------------------------------------------
[ 2019-09-28T08:31:07+08:00 ] 0.0.0.0 GET /mp/index.php
[ info ] localhost/mp/index.php [运行时间：0.027956s][吞吐率：35.77req/s] [内存消耗：2,060.05kb] [文件加载：32]
[ info ] [ LANG ] D:\MilFun\Apache24\htdocs\mp\thinkphp\lang\zh-cn.php
[ info ] [ ROUTE ] array (
  'type' => 'module',
  'module' => 
  array (
    0 => 'index',
    1 => 'index',
    2 => 'index',
  ),
  'convert' => false,
)
[ info ] [ HEADER ] array (
  'host' => 'localhost',
  'connection' => 'keep-alive',
  'upgrade-insecure-requests' => '1',
  'user-agent' => 'Mozilla/5.0 (Windows NT 10.0; Win64; x64) AppleWebKit/537.36 (KHTML, like Gecko) Chrome/77.0.3865.90 Safari/537.36',
  'sec-fetch-mode' => 'navigate',
  'sec-fetch-user' => '?1',
  'accept' => 'text/html,application/xhtml+xml,application/xml;q=0.9,image/webp,image/apng,*/*;q=0.8,application/signed-exchange;v=b3',
  'sec-fetch-site' => 'none',
  'accept-encoding' => 'gzip, deflate, br',
  'accept-language' => 'zh-CN,zh;q=0.9',
  'cookie' => 'pgv_pvi=9689078784; UM_distinctid=16d38b311fc3a1-0c78e54ec6bd2-5373e62-1fa400-16d38b311fe5b3; CNZZDATA5342091=cnzz_eid%3D731655640-1568611066-null%26ntime%3D1568611066',
)
[ info ] [ PARAM ] array (
)
[ info ] [ RUN ] app\index\controller\Index->index[ D:\MilFun\Apache24\htdocs\mp\application\index\controller\Index.php ]
[ info ] [ VIEW ] D:\MilFun\Apache24\htdocs\mp\config/../public/view/index\index\index.html [ array (
) ]
[ info ] [ LOG ] INIT File
---------------------------------------------------------------
[ 2019-09-28T10:12:57+08:00 ] 0.0.0.0 GET /mp/index.php
[ info ] localhost/mp/index.php [运行时间：0.031159s][吞吐率：32.09req/s] [内存消耗：2,060.36kb] [文件加载：32]
[ info ] [ LANG ] D:\MilFun\Apache24\htdocs\mp\thinkphp\lang\zh-cn.php
[ info ] [ ROUTE ] array (
  'type' => 'module',
  'module' => 
  array (
    0 => 'index',
    1 => 'index',
    2 => 'index',
  ),
  'convert' => false,
)
[ info ] [ HEADER ] array (
  'host' => 'localhost',
  'connection' => 'keep-alive',
  'cache-control' => 'max-age=0',
  'upgrade-insecure-requests' => '1',
  'user-agent' => 'Mozilla/5.0 (Windows NT 10.0; Win64; x64) AppleWebKit/537.36 (KHTML, like Gecko) Chrome/77.0.3865.90 Safari/537.36',
  'sec-fetch-mode' => 'navigate',
  'sec-fetch-user' => '?1',
  'accept' => 'text/html,application/xhtml+xml,application/xml;q=0.9,image/webp,image/apng,*/*;q=0.8,application/signed-exchange;v=b3',
  'sec-fetch-site' => 'none',
  'accept-encoding' => 'gzip, deflate, br',
  'accept-language' => 'zh-CN,zh;q=0.9',
  'cookie' => 'pgv_pvi=9689078784; UM_distinctid=16d38b311fc3a1-0c78e54ec6bd2-5373e62-1fa400-16d38b311fe5b3; CNZZDATA5342091=cnzz_eid%3D731655640-1568611066-null%26ntime%3D1568611066',
)
[ info ] [ PARAM ] array (
)
[ info ] [ RUN ] app\index\controller\Index->index[ D:\MilFun\Apache24\htdocs\mp\application\index\controller\Index.php ]
[ info ] [ VIEW ] D:\MilFun\Apache24\htdocs\mp\config/../public/view/index\index\index.html [ array (
) ]
[ info ] [ LOG ] INIT File
