---------------------------------------------------------------
[ 2019-09-29T09:05:20+08:00 ] 0.0.0.0 GET /mp/index.php
[ info ] localhost/mp/index.php [运行时间：0.048047s][吞吐率：20.81req/s] [内存消耗：2,060.05kb] [文件加载：32]
[ info ] [ LANG ] D:\MilFun\Apache24\htdocs\mp\thinkphp\lang\zh-cn.php
[ info ] [ ROUTE ] array (
  'type' => 'module',
  'module' => 
  array (
    0 => 'index',
    1 => 'index',
    2 => 'index',
  ),
  'convert' => false,
)
[ info ] [ HEADER ] array (
  'host' => 'localhost',
  'connection' => 'keep-alive',
  'upgrade-insecure-requests' => '1',
  'user-agent' => 'Mozilla/5.0 (Windows NT 10.0; Win64; x64) AppleWebKit/537.36 (KHTML, like Gecko) Chrome/77.0.3865.90 Safari/537.36',
  'sec-fetch-mode' => 'navigate',
  'sec-fetch-user' => '?1',
  'accept' => 'text/html,application/xhtml+xml,application/xml;q=0.9,image/webp,image/apng,*/*;q=0.8,application/signed-exchange;v=b3',
  'sec-fetch-site' => 'none',
  'accept-encoding' => 'gzip, deflate, br',
  'accept-language' => 'zh-CN,zh;q=0.9',
  'cookie' => 'pgv_pvi=9689078784; UM_distinctid=16d38b311fc3a1-0c78e54ec6bd2-5373e62-1fa400-16d38b311fe5b3; CNZZDATA5342091=cnzz_eid%3D731655640-1568611066-null%26ntime%3D1568611066',
)
[ info ] [ PARAM ] array (
)
[ info ] [ RUN ] app\index\controller\Index->index[ D:\MilFun\Apache24\htdocs\mp\application\index\controller\Index.php ]
[ info ] [ VIEW ] D:\MilFun\Apache24\htdocs\mp\config/../public/view/index\index\index.html [ array (
) ]
[ info ] [ LOG ] INIT File
---------------------------------------------------------------
[ 2019-09-29T09:05:22+08:00 ] 0.0.0.0 GET /mp/index.php
[ info ] localhost/mp/index.php [运行时间：0.018488s][吞吐率：54.09req/s] [内存消耗：2,060.38kb] [文件加载：32]
[ info ] [ LANG ] D:\MilFun\Apache24\htdocs\mp\thinkphp\lang\zh-cn.php
[ info ] [ ROUTE ] array (
  'type' => 'module',
  'module' => 
  array (
    0 => 'index',
    1 => 'index',
    2 => 'index',
  ),
  'convert' => false,
)
[ info ] [ HEADER ] array (
  'host' => 'localhost',
  'connection' => 'keep-alive',
  'upgrade-insecure-requests' => '1',
  'user-agent' => 'Mozilla/5.0 (Windows NT 10.0; Win64; x64) AppleWebKit/537.36 (KHTML, like Gecko) Chrome/77.0.3865.90 Safari/537.36',
  'sec-fetch-mode' => 'navigate',
  'sec-fetch-user' => '?1',
  'accept' => 'text/html,application/xhtml+xml,application/xml;q=0.9,image/webp,image/apng,*/*;q=0.8,application/signed-exchange;v=b3',
  'sec-fetch-site' => 'same-origin',
  'referer' => 'http://localhost/mp/index.php',
  'accept-encoding' => 'gzip, deflate, br',
  'accept-language' => 'zh-CN,zh;q=0.9',
  'cookie' => 'pgv_pvi=9689078784; UM_distinctid=16d38b311fc3a1-0c78e54ec6bd2-5373e62-1fa400-16d38b311fe5b3; CNZZDATA5342091=cnzz_eid%3D731655640-1568611066-null%26ntime%3D1568611066',
)
[ info ] [ PARAM ] array (
)
[ info ] [ RUN ] app\index\controller\Index->index[ D:\MilFun\Apache24\htdocs\mp\application\index\controller\Index.php ]
[ info ] [ VIEW ] D:\MilFun\Apache24\htdocs\mp\config/../public/view/index\index\index.html [ array (
) ]
[ info ] [ LOG ] INIT File
---------------------------------------------------------------
[ 2019-09-29T09:05:23+08:00 ] 0.0.0.0 GET /mp/index.php/jobs/
[ info ] localhost/mp/index.php/jobs/ [运行时间：0.045007s][吞吐率：22.22req/s] [内存消耗：3,828.87kb] [文件加载：41]
[ info ] [ LANG ] D:\MilFun\Apache24\htdocs\mp\thinkphp\lang\zh-cn.php
[ info ] [ ROUTE ] array (
  'type' => 'module',
  'module' => 
  array (
    0 => 'index',
    1 => 'index',
    2 => 'jobs',
  ),
  'convert' => false,
)
[ info ] [ HEADER ] array (
  'host' => 'localhost',
  'connection' => 'keep-alive',
  'upgrade-insecure-requests' => '1',
  'user-agent' => 'Mozilla/5.0 (Windows NT 10.0; Win64; x64) AppleWebKit/537.36 (KHTML, like Gecko) Chrome/77.0.3865.90 Safari/537.36',
  'sec-fetch-mode' => 'navigate',
  'sec-fetch-user' => '?1',
  'accept' => 'text/html,application/xhtml+xml,application/xml;q=0.9,image/webp,image/apng,*/*;q=0.8,application/signed-exchange;v=b3',
  'sec-fetch-site' => 'same-origin',
  'referer' => 'http://localhost/mp/index.php',
  'accept-encoding' => 'gzip, deflate, br',
  'accept-language' => 'zh-CN,zh;q=0.9',
  'cookie' => 'pgv_pvi=9689078784; UM_distinctid=16d38b311fc3a1-0c78e54ec6bd2-5373e62-1fa400-16d38b311fe5b3; CNZZDATA5342091=cnzz_eid%3D731655640-1568611066-null%26ntime%3D1568611066',
)
[ info ] [ PARAM ] array (
)
[ info ] [ RUN ] app\index\controller\Index->jobs[ D:\MilFun\Apache24\htdocs\mp\application\index\controller\Index.php ]
[ info ] [ DB ] INIT mysql
[ info ] [ VIEW ] D:\MilFun\Apache24\htdocs\mp\config/../public/view/index\index\jobs.html [ array (
  0 => 0,
  1 => 1,
  2 => 2,
  3 => 3,
) ]
[ info ] [ LOG ] INIT File
[ sql ] [ DB ] CONNECT:[ UseTime:0.007344s ] mysql:host=127.0.0.1;dbname=milfun;charset=utf8
[ sql ] [ SQL ] SHOW COLUMNS FROM `mf_jobs` [ RunTime:0.006639s ]
[ sql ] [ SQL ] SELECT * FROM `mf_jobs` [ RunTime:0.000601s ]
---------------------------------------------------------------
[ 2019-09-29T09:05:25+08:00 ] 0.0.0.0 GET /mp/index.php/resumes/
[ info ] localhost/mp/index.php/resumes/ [运行时间：0.033853s][吞吐率：29.54req/s] [内存消耗：3,892.49kb] [文件加载：41]
[ info ] [ LANG ] D:\MilFun\Apache24\htdocs\mp\thinkphp\lang\zh-cn.php
[ info ] [ ROUTE ] array (
  'type' => 'module',
  'module' => 
  array (
    0 => 'index',
    1 => 'index',
    2 => 'resumes',
  ),
  'convert' => false,
)
[ info ] [ HEADER ] array (
  'host' => 'localhost',
  'connection' => 'keep-alive',
  'upgrade-insecure-requests' => '1',
  'user-agent' => 'Mozilla/5.0 (Windows NT 10.0; Win64; x64) AppleWebKit/537.36 (KHTML, like Gecko) Chrome/77.0.3865.90 Safari/537.36',
  'sec-fetch-mode' => 'navigate',
  'sec-fetch-user' => '?1',
  'accept' => 'text/html,application/xhtml+xml,application/xml;q=0.9,image/webp,image/apng,*/*;q=0.8,application/signed-exchange;v=b3',
  'sec-fetch-site' => 'same-origin',
  'referer' => 'http://localhost/mp/index.php/jobs/',
  'accept-encoding' => 'gzip, deflate, br',
  'accept-language' => 'zh-CN,zh;q=0.9',
  'cookie' => 'pgv_pvi=9689078784; UM_distinctid=16d38b311fc3a1-0c78e54ec6bd2-5373e62-1fa400-16d38b311fe5b3; CNZZDATA5342091=cnzz_eid%3D731655640-1568611066-null%26ntime%3D1568611066',
)
[ info ] [ PARAM ] array (
)
[ info ] [ RUN ] app\index\controller\Index->resumes[ D:\MilFun\Apache24\htdocs\mp\application\index\controller\Index.php ]
[ info ] [ DB ] INIT mysql
[ info ] [ VIEW ] D:\MilFun\Apache24\htdocs\mp\config/../public/view/index\index\resume.html [ array (
  0 => 0,
) ]
[ info ] [ LOG ] INIT File
[ sql ] [ DB ] CONNECT:[ UseTime:0.000834s ] mysql:host=127.0.0.1;dbname=milfun;charset=utf8
[ sql ] [ SQL ] SHOW COLUMNS FROM `mf_resume` [ RunTime:0.004318s ]
[ sql ] [ SQL ] SELECT * FROM `mf_resume` [ RunTime:0.000862s ]
---------------------------------------------------------------
[ 2019-09-29T09:05:26+08:00 ] 0.0.0.0 GET /mp/index.php/companys/
[ info ] localhost/mp/index.php/companys/ [运行时间：0.030779s][吞吐率：32.49req/s] [内存消耗：3,833.64kb] [文件加载：41]
[ info ] [ LANG ] D:\MilFun\Apache24\htdocs\mp\thinkphp\lang\zh-cn.php
[ info ] [ ROUTE ] array (
  'type' => 'module',
  'module' => 
  array (
    0 => 'index',
    1 => 'index',
    2 => 'companys',
  ),
  'convert' => false,
)
[ info ] [ HEADER ] array (
  'host' => 'localhost',
  'connection' => 'keep-alive',
  'upgrade-insecure-requests' => '1',
  'user-agent' => 'Mozilla/5.0 (Windows NT 10.0; Win64; x64) AppleWebKit/537.36 (KHTML, like Gecko) Chrome/77.0.3865.90 Safari/537.36',
  'sec-fetch-mode' => 'navigate',
  'sec-fetch-user' => '?1',
  'accept' => 'text/html,application/xhtml+xml,application/xml;q=0.9,image/webp,image/apng,*/*;q=0.8,application/signed-exchange;v=b3',
  'sec-fetch-site' => 'same-origin',
  'referer' => 'http://localhost/mp/index.php/resumes/',
  'accept-encoding' => 'gzip, deflate, br',
  'accept-language' => 'zh-CN,zh;q=0.9',
  'cookie' => 'pgv_pvi=9689078784; UM_distinctid=16d38b311fc3a1-0c78e54ec6bd2-5373e62-1fa400-16d38b311fe5b3; CNZZDATA5342091=cnzz_eid%3D731655640-1568611066-null%26ntime%3D1568611066',
)
[ info ] [ PARAM ] array (
)
[ info ] [ RUN ] app\index\controller\Index->companys[ D:\MilFun\Apache24\htdocs\mp\application\index\controller\Index.php ]
[ info ] [ DB ] INIT mysql
[ info ] [ VIEW ] D:\MilFun\Apache24\htdocs\mp\config/../public/view/index\index\company.html [ array (
  0 => 0,
  1 => 1,
) ]
[ info ] [ LOG ] INIT File
[ sql ] [ DB ] CONNECT:[ UseTime:0.000915s ] mysql:host=127.0.0.1;dbname=milfun;charset=utf8
[ sql ] [ SQL ] SHOW COLUMNS FROM `mf_company` [ RunTime:0.003667s ]
[ sql ] [ SQL ] SELECT * FROM `mf_company` [ RunTime:0.000358s ]
---------------------------------------------------------------
[ 2019-09-29T09:05:28+08:00 ] 0.0.0.0 GET /mp/index.php/companys/
[ info ] localhost/mp/index.php/companys/ [运行时间：0.030063s][吞吐率：33.26req/s] [内存消耗：3,833.64kb] [文件加载：41]
[ info ] [ LANG ] D:\MilFun\Apache24\htdocs\mp\thinkphp\lang\zh-cn.php
[ info ] [ ROUTE ] array (
  'type' => 'module',
  'module' => 
  array (
    0 => 'index',
    1 => 'index',
    2 => 'companys',
  ),
  'convert' => false,
)
[ info ] [ HEADER ] array (
  'host' => 'localhost',
  'connection' => 'keep-alive',
  'upgrade-insecure-requests' => '1',
  'user-agent' => 'Mozilla/5.0 (Windows NT 10.0; Win64; x64) AppleWebKit/537.36 (KHTML, like Gecko) Chrome/77.0.3865.90 Safari/537.36',
  'sec-fetch-mode' => 'navigate',
  'sec-fetch-user' => '?1',
  'accept' => 'text/html,application/xhtml+xml,application/xml;q=0.9,image/webp,image/apng,*/*;q=0.8,application/signed-exchange;v=b3',
  'sec-fetch-site' => 'same-origin',
  'referer' => 'http://localhost/mp/index.php/companys/',
  'accept-encoding' => 'gzip, deflate, br',
  'accept-language' => 'zh-CN,zh;q=0.9',
  'cookie' => 'pgv_pvi=9689078784; UM_distinctid=16d38b311fc3a1-0c78e54ec6bd2-5373e62-1fa400-16d38b311fe5b3; CNZZDATA5342091=cnzz_eid%3D731655640-1568611066-null%26ntime%3D1568611066',
)
[ info ] [ PARAM ] array (
)
[ info ] [ RUN ] app\index\controller\Index->companys[ D:\MilFun\Apache24\htdocs\mp\application\index\controller\Index.php ]
[ info ] [ DB ] INIT mysql
[ info ] [ VIEW ] D:\MilFun\Apache24\htdocs\mp\config/../public/view/index\index\company.html [ array (
  0 => 0,
  1 => 1,
) ]
[ info ] [ LOG ] INIT File
[ sql ] [ DB ] CONNECT:[ UseTime:0.000791s ] mysql:host=127.0.0.1;dbname=milfun;charset=utf8
[ sql ] [ SQL ] SHOW COLUMNS FROM `mf_company` [ RunTime:0.004782s ]
[ sql ] [ SQL ] SELECT * FROM `mf_company` [ RunTime:0.000302s ]
---------------------------------------------------------------
[ 2019-09-29T09:06:55+08:00 ] 0.0.0.0 GET /mp/index.php/jobs/
[ info ] localhost/mp/index.php/jobs/ [运行时间：0.034199s][吞吐率：29.24req/s] [内存消耗：3,828.76kb] [文件加载：41]
[ info ] [ LANG ] D:\MilFun\Apache24\htdocs\mp\thinkphp\lang\zh-cn.php
[ info ] [ ROUTE ] array (
  'type' => 'module',
  'module' => 
  array (
    0 => 'index',
    1 => 'index',
    2 => 'jobs',
  ),
  'convert' => false,
)
[ info ] [ HEADER ] array (
  'host' => 'localhost',
  'connection' => 'keep-alive',
  'upgrade-insecure-requests' => '1',
  'user-agent' => 'Mozilla/5.0 (Windows NT 10.0; Win64; x64) AppleWebKit/537.36 (KHTML, like Gecko) Chrome/77.0.3865.90 Safari/537.36',
  'sec-fetch-mode' => 'navigate',
  'sec-fetch-user' => '?1',
  'accept' => 'text/html,application/xhtml+xml,application/xml;q=0.9,image/webp,image/apng,*/*;q=0.8,application/signed-exchange;v=b3',
  'sec-fetch-site' => 'same-origin',
  'referer' => 'http://localhost/mp/index.php/companys/',
  'accept-encoding' => 'gzip, deflate, br',
  'accept-language' => 'zh-CN,zh;q=0.9',
  'cookie' => 'pgv_pvi=9689078784; UM_distinctid=16d38b311fc3a1-0c78e54ec6bd2-5373e62-1fa400-16d38b311fe5b3; CNZZDATA5342091=cnzz_eid%3D731655640-1568611066-null%26ntime%3D1568611066',
)
[ info ] [ PARAM ] array (
)
[ info ] [ RUN ] app\index\controller\Index->jobs[ D:\MilFun\Apache24\htdocs\mp\application\index\controller\Index.php ]
[ info ] [ DB ] INIT mysql
[ info ] [ VIEW ] D:\MilFun\Apache24\htdocs\mp\config/../public/view/index\index\jobs.html [ array (
  0 => 0,
  1 => 1,
  2 => 2,
  3 => 3,
) ]
[ info ] [ LOG ] INIT File
[ sql ] [ DB ] CONNECT:[ UseTime:0.002511s ] mysql:host=127.0.0.1;dbname=milfun;charset=utf8
[ sql ] [ SQL ] SHOW COLUMNS FROM `mf_jobs` [ RunTime:0.004926s ]
[ sql ] [ SQL ] SELECT * FROM `mf_jobs` [ RunTime:0.000347s ]
---------------------------------------------------------------
[ 2019-09-29T09:07:20+08:00 ] 0.0.0.0 GET /mp/index.php/jobs/
[ info ] localhost/mp/index.php/jobs/ [运行时间：0.029614s][吞吐率：33.77req/s] [内存消耗：3,828.78kb] [文件加载：41]
[ info ] [ LANG ] D:\MilFun\Apache24\htdocs\mp\thinkphp\lang\zh-cn.php
[ info ] [ ROUTE ] array (
  'type' => 'module',
  'module' => 
  array (
    0 => 'index',
    1 => 'index',
    2 => 'jobs',
  ),
  'convert' => false,
)
[ info ] [ HEADER ] array (
  'host' => 'localhost',
  'connection' => 'keep-alive',
  'upgrade-insecure-requests' => '1',
  'user-agent' => 'Mozilla/5.0 (Windows NT 10.0; Win64; x64) AppleWebKit/537.36 (KHTML, like Gecko) Chrome/77.0.3865.90 Safari/537.36',
  'sec-fetch-mode' => 'navigate',
  'sec-fetch-user' => '?1',
  'accept' => 'text/html,application/xhtml+xml,application/xml;q=0.9,image/webp,image/apng,*/*;q=0.8,application/signed-exchange;v=b3',
  'sec-fetch-site' => 'same-origin',
  'referer' => 'http://localhost/mp/index.php/jobs/',
  'accept-encoding' => 'gzip, deflate, br',
  'accept-language' => 'zh-CN,zh;q=0.9',
  'cookie' => 'pgv_pvi=9689078784; UM_distinctid=16d38b311fc3a1-0c78e54ec6bd2-5373e62-1fa400-16d38b311fe5b3; CNZZDATA5342091=cnzz_eid%3D731655640-1568611066-null%26ntime%3D1568611066',
)
[ info ] [ PARAM ] array (
)
[ info ] [ RUN ] app\index\controller\Index->jobs[ D:\MilFun\Apache24\htdocs\mp\application\index\controller\Index.php ]
[ info ] [ DB ] INIT mysql
[ info ] [ VIEW ] D:\MilFun\Apache24\htdocs\mp\config/../public/view/index\index\jobs.html [ array (
  0 => 0,
  1 => 1,
  2 => 2,
  3 => 3,
) ]
[ info ] [ LOG ] INIT File
[ sql ] [ DB ] CONNECT:[ UseTime:0.000671s ] mysql:host=127.0.0.1;dbname=milfun;charset=utf8
[ sql ] [ SQL ] SHOW COLUMNS FROM `mf_jobs` [ RunTime:0.002884s ]
[ sql ] [ SQL ] SELECT * FROM `mf_jobs` [ RunTime:0.000353s ]
---------------------------------------------------------------
[ 2019-09-29T09:07:22+08:00 ] 0.0.0.0 GET /mp/index.php/resumes/
[ info ] localhost/mp/index.php/resumes/ [运行时间：0.036012s][吞吐率：27.77req/s] [内存消耗：3,892.49kb] [文件加载：41]
[ info ] [ LANG ] D:\MilFun\Apache24\htdocs\mp\thinkphp\lang\zh-cn.php
[ info ] [ ROUTE ] array (
  'type' => 'module',
  'module' => 
  array (
    0 => 'index',
    1 => 'index',
    2 => 'resumes',
  ),
  'convert' => false,
)
[ info ] [ HEADER ] array (
  'host' => 'localhost',
  'connection' => 'keep-alive',
  'upgrade-insecure-requests' => '1',
  'user-agent' => 'Mozilla/5.0 (Windows NT 10.0; Win64; x64) AppleWebKit/537.36 (KHTML, like Gecko) Chrome/77.0.3865.90 Safari/537.36',
  'sec-fetch-mode' => 'navigate',
  'sec-fetch-user' => '?1',
  'accept' => 'text/html,application/xhtml+xml,application/xml;q=0.9,image/webp,image/apng,*/*;q=0.8,application/signed-exchange;v=b3',
  'sec-fetch-site' => 'same-origin',
  'referer' => 'http://localhost/mp/index.php/jobs/',
  'accept-encoding' => 'gzip, deflate, br',
  'accept-language' => 'zh-CN,zh;q=0.9',
  'cookie' => 'pgv_pvi=9689078784; UM_distinctid=16d38b311fc3a1-0c78e54ec6bd2-5373e62-1fa400-16d38b311fe5b3; CNZZDATA5342091=cnzz_eid%3D731655640-1568611066-null%26ntime%3D1568611066',
)
[ info ] [ PARAM ] array (
)
[ info ] [ RUN ] app\index\controller\Index->resumes[ D:\MilFun\Apache24\htdocs\mp\application\index\controller\Index.php ]
[ info ] [ DB ] INIT mysql
[ info ] [ VIEW ] D:\MilFun\Apache24\htdocs\mp\config/../public/view/index\index\resume.html [ array (
  0 => 0,
) ]
[ info ] [ LOG ] INIT File
[ sql ] [ DB ] CONNECT:[ UseTime:0.000650s ] mysql:host=127.0.0.1;dbname=milfun;charset=utf8
[ sql ] [ SQL ] SHOW COLUMNS FROM `mf_resume` [ RunTime:0.004407s ]
[ sql ] [ SQL ] SELECT * FROM `mf_resume` [ RunTime:0.000555s ]
---------------------------------------------------------------
[ 2019-09-29T09:07:23+08:00 ] 0.0.0.0 GET /mp/index.php/companys/
[ info ] localhost/mp/index.php/companys/ [运行时间：0.030145s][吞吐率：33.17req/s] [内存消耗：3,833.64kb] [文件加载：41]
[ info ] [ LANG ] D:\MilFun\Apache24\htdocs\mp\thinkphp\lang\zh-cn.php
[ info ] [ ROUTE ] array (
  'type' => 'module',
  'module' => 
  array (
    0 => 'index',
    1 => 'index',
    2 => 'companys',
  ),
  'convert' => false,
)
[ info ] [ HEADER ] array (
  'host' => 'localhost',
  'connection' => 'keep-alive',
  'upgrade-insecure-requests' => '1',
  'user-agent' => 'Mozilla/5.0 (Windows NT 10.0; Win64; x64) AppleWebKit/537.36 (KHTML, like Gecko) Chrome/77.0.3865.90 Safari/537.36',
  'sec-fetch-mode' => 'navigate',
  'sec-fetch-user' => '?1',
  'accept' => 'text/html,application/xhtml+xml,application/xml;q=0.9,image/webp,image/apng,*/*;q=0.8,application/signed-exchange;v=b3',
  'sec-fetch-site' => 'same-origin',
  'referer' => 'http://localhost/mp/index.php/resumes/',
  'accept-encoding' => 'gzip, deflate, br',
  'accept-language' => 'zh-CN,zh;q=0.9',
  'cookie' => 'pgv_pvi=9689078784; UM_distinctid=16d38b311fc3a1-0c78e54ec6bd2-5373e62-1fa400-16d38b311fe5b3; CNZZDATA5342091=cnzz_eid%3D731655640-1568611066-null%26ntime%3D1568611066',
)
[ info ] [ PARAM ] array (
)
[ info ] [ RUN ] app\index\controller\Index->companys[ D:\MilFun\Apache24\htdocs\mp\application\index\controller\Index.php ]
[ info ] [ DB ] INIT mysql
[ info ] [ VIEW ] D:\MilFun\Apache24\htdocs\mp\config/../public/view/index\index\company.html [ array (
  0 => 0,
  1 => 1,
) ]
[ info ] [ LOG ] INIT File
[ sql ] [ DB ] CONNECT:[ UseTime:0.000576s ] mysql:host=127.0.0.1;dbname=milfun;charset=utf8
[ sql ] [ SQL ] SHOW COLUMNS FROM `mf_company` [ RunTime:0.003361s ]
[ sql ] [ SQL ] SELECT * FROM `mf_company` [ RunTime:0.000304s ]
---------------------------------------------------------------
[ 2019-09-29T10:34:33+08:00 ] 0.0.0.0 GET /mp/index.php/jobs/
[ info ] localhost/mp/index.php/jobs/ [运行时间：0.033468s][吞吐率：29.88req/s] [内存消耗：3,828.76kb] [文件加载：41]
[ info ] [ LANG ] D:\MilFun\Apache24\htdocs\mp\thinkphp\lang\zh-cn.php
[ info ] [ ROUTE ] array (
  'type' => 'module',
  'module' => 
  array (
    0 => 'index',
    1 => 'index',
    2 => 'jobs',
  ),
  'convert' => false,
)
[ info ] [ HEADER ] array (
  'host' => 'localhost',
  'connection' => 'keep-alive',
  'upgrade-insecure-requests' => '1',
  'user-agent' => 'Mozilla/5.0 (Windows NT 10.0; Win64; x64) AppleWebKit/537.36 (KHTML, like Gecko) Chrome/77.0.3865.90 Safari/537.36',
  'sec-fetch-mode' => 'navigate',
  'sec-fetch-user' => '?1',
  'accept' => 'text/html,application/xhtml+xml,application/xml;q=0.9,image/webp,image/apng,*/*;q=0.8,application/signed-exchange;v=b3',
  'sec-fetch-site' => 'same-origin',
  'referer' => 'http://localhost/mp/index.php/companys/',
  'accept-encoding' => 'gzip, deflate, br',
  'accept-language' => 'zh-CN,zh;q=0.9',
  'cookie' => 'pgv_pvi=9689078784; UM_distinctid=16d38b311fc3a1-0c78e54ec6bd2-5373e62-1fa400-16d38b311fe5b3; CNZZDATA5342091=cnzz_eid%3D731655640-1568611066-null%26ntime%3D1568611066',
)
[ info ] [ PARAM ] array (
)
[ info ] [ RUN ] app\index\controller\Index->jobs[ D:\MilFun\Apache24\htdocs\mp\application\index\controller\Index.php ]
[ info ] [ DB ] INIT mysql
[ info ] [ VIEW ] D:\MilFun\Apache24\htdocs\mp\config/../public/view/index\index\jobs.html [ array (
  0 => 0,
  1 => 1,
  2 => 2,
  3 => 3,
) ]
[ info ] [ LOG ] INIT File
[ sql ] [ DB ] CONNECT:[ UseTime:0.000926s ] mysql:host=127.0.0.1;dbname=milfun;charset=utf8
[ sql ] [ SQL ] SHOW COLUMNS FROM `mf_jobs` [ RunTime:0.005944s ]
[ sql ] [ SQL ] SELECT * FROM `mf_jobs` [ RunTime:0.000391s ]
