---------------------------------------------------------------
[ 2019-09-30T10:07:14+08:00 ] 0.0.0.0 GET /mp/index.php
[ info ] localhost/mp/index.php [运行时间：0.039034s][吞吐率：25.62req/s] [内存消耗：2,060.05kb] [文件加载：32]
[ info ] [ LANG ] D:\MilFun\Apache24\htdocs\mp\thinkphp\lang\zh-cn.php
[ info ] [ ROUTE ] array (
  'type' => 'module',
  'module' => 
  array (
    0 => 'index',
    1 => 'index',
    2 => 'index',
  ),
  'convert' => false,
)
[ info ] [ HEADER ] array (
  'host' => 'localhost',
  'connection' => 'keep-alive',
  'upgrade-insecure-requests' => '1',
  'user-agent' => 'Mozilla/5.0 (Windows NT 10.0; Win64; x64) AppleWebKit/537.36 (KHTML, like Gecko) Chrome/77.0.3865.90 Safari/537.36',
  'sec-fetch-mode' => 'navigate',
  'sec-fetch-user' => '?1',
  'accept' => 'text/html,application/xhtml+xml,application/xml;q=0.9,image/webp,image/apng,*/*;q=0.8,application/signed-exchange;v=b3',
  'sec-fetch-site' => 'none',
  'accept-encoding' => 'gzip, deflate, br',
  'accept-language' => 'zh-CN,zh;q=0.9',
  'cookie' => 'pgv_pvi=9689078784; UM_distinctid=16d38b311fc3a1-0c78e54ec6bd2-5373e62-1fa400-16d38b311fe5b3; CNZZDATA5342091=cnzz_eid%3D731655640-1568611066-null%26ntime%3D1568611066',
)
[ info ] [ PARAM ] array (
)
[ info ] [ RUN ] app\index\controller\Index->index[ D:\MilFun\Apache24\htdocs\mp\application\index\controller\Index.php ]
[ info ] [ VIEW ] D:\MilFun\Apache24\htdocs\mp\config/../public/view/index\index\index.html [ array (
) ]
[ info ] [ LOG ] INIT File
---------------------------------------------------------------
[ 2019-09-30T10:18:26+08:00 ] 0.0.0.0 GET /mp/index.php/jobs/
[ info ] localhost/mp/index.php/jobs/ [运行时间：0.051966s][吞吐率：19.24req/s] [内存消耗：3,828.87kb] [文件加载：41]
[ info ] [ LANG ] D:\MilFun\Apache24\htdocs\mp\thinkphp\lang\zh-cn.php
[ info ] [ ROUTE ] array (
  'type' => 'module',
  'module' => 
  array (
    0 => 'index',
    1 => 'index',
    2 => 'jobs',
  ),
  'convert' => false,
)
[ info ] [ HEADER ] array (
  'host' => 'localhost',
  'connection' => 'keep-alive',
  'upgrade-insecure-requests' => '1',
  'user-agent' => 'Mozilla/5.0 (Windows NT 10.0; Win64; x64) AppleWebKit/537.36 (KHTML, like Gecko) Chrome/77.0.3865.90 Safari/537.36',
  'sec-fetch-mode' => 'navigate',
  'sec-fetch-user' => '?1',
  'accept' => 'text/html,application/xhtml+xml,application/xml;q=0.9,image/webp,image/apng,*/*;q=0.8,application/signed-exchange;v=b3',
  'sec-fetch-site' => 'same-origin',
  'referer' => 'http://localhost/mp/index.php',
  'accept-encoding' => 'gzip, deflate, br',
  'accept-language' => 'zh-CN,zh;q=0.9',
  'cookie' => 'pgv_pvi=9689078784; UM_distinctid=16d38b311fc3a1-0c78e54ec6bd2-5373e62-1fa400-16d38b311fe5b3; CNZZDATA5342091=cnzz_eid%3D731655640-1568611066-null%26ntime%3D1568611066',
)
[ info ] [ PARAM ] array (
)
[ info ] [ RUN ] app\index\controller\Index->jobs[ D:\MilFun\Apache24\htdocs\mp\application\index\controller\Index.php ]
[ info ] [ DB ] INIT mysql
[ info ] [ VIEW ] D:\MilFun\Apache24\htdocs\mp\config/../public/view/index\index\jobs.html [ array (
  0 => 0,
  1 => 1,
  2 => 2,
  3 => 3,
) ]
[ info ] [ LOG ] INIT File
[ sql ] [ DB ] CONNECT:[ UseTime:0.012109s ] mysql:host=127.0.0.1;dbname=milfun;charset=utf8
[ sql ] [ SQL ] SHOW COLUMNS FROM `mf_jobs` [ RunTime:0.005743s ]
[ sql ] [ SQL ] SELECT * FROM `mf_jobs` [ RunTime:0.000531s ]
---------------------------------------------------------------
[ 2019-09-30T10:18:31+08:00 ] 0.0.0.0 GET /mp/index.php/resumes/
[ info ] localhost/mp/index.php/resumes/ [运行时间：0.038134s][吞吐率：26.22req/s] [内存消耗：3,892.49kb] [文件加载：41]
[ info ] [ LANG ] D:\MilFun\Apache24\htdocs\mp\thinkphp\lang\zh-cn.php
[ info ] [ ROUTE ] array (
  'type' => 'module',
  'module' => 
  array (
    0 => 'index',
    1 => 'index',
    2 => 'resumes',
  ),
  'convert' => false,
)
[ info ] [ HEADER ] array (
  'host' => 'localhost',
  'connection' => 'keep-alive',
  'upgrade-insecure-requests' => '1',
  'user-agent' => 'Mozilla/5.0 (Windows NT 10.0; Win64; x64) AppleWebKit/537.36 (KHTML, like Gecko) Chrome/77.0.3865.90 Safari/537.36',
  'sec-fetch-mode' => 'navigate',
  'sec-fetch-user' => '?1',
  'accept' => 'text/html,application/xhtml+xml,application/xml;q=0.9,image/webp,image/apng,*/*;q=0.8,application/signed-exchange;v=b3',
  'sec-fetch-site' => 'same-origin',
  'referer' => 'http://localhost/mp/index.php/jobs/',
  'accept-encoding' => 'gzip, deflate, br',
  'accept-language' => 'zh-CN,zh;q=0.9',
  'cookie' => 'pgv_pvi=9689078784; UM_distinctid=16d38b311fc3a1-0c78e54ec6bd2-5373e62-1fa400-16d38b311fe5b3; CNZZDATA5342091=cnzz_eid%3D731655640-1568611066-null%26ntime%3D1568611066',
)
[ info ] [ PARAM ] array (
)
[ info ] [ RUN ] app\index\controller\Index->resumes[ D:\MilFun\Apache24\htdocs\mp\application\index\controller\Index.php ]
[ info ] [ DB ] INIT mysql
[ info ] [ VIEW ] D:\MilFun\Apache24\htdocs\mp\config/../public/view/index\index\resume.html [ array (
  0 => 0,
) ]
[ info ] [ LOG ] INIT File
[ sql ] [ DB ] CONNECT:[ UseTime:0.001302s ] mysql:host=127.0.0.1;dbname=milfun;charset=utf8
[ sql ] [ SQL ] SHOW COLUMNS FROM `mf_resume` [ RunTime:0.006251s ]
[ sql ] [ SQL ] SELECT * FROM `mf_resume` [ RunTime:0.000784s ]
---------------------------------------------------------------
[ 2019-09-30T10:18:32+08:00 ] 0.0.0.0 GET /mp/index.php/companys/
[ info ] localhost/mp/index.php/companys/ [运行时间：0.031993s][吞吐率：31.26req/s] [内存消耗：3,833.64kb] [文件加载：41]
[ info ] [ LANG ] D:\MilFun\Apache24\htdocs\mp\thinkphp\lang\zh-cn.php
[ info ] [ ROUTE ] array (
  'type' => 'module',
  'module' => 
  array (
    0 => 'index',
    1 => 'index',
    2 => 'companys',
  ),
  'convert' => false,
)
[ info ] [ HEADER ] array (
  'host' => 'localhost',
  'connection' => 'keep-alive',
  'upgrade-insecure-requests' => '1',
  'user-agent' => 'Mozilla/5.0 (Windows NT 10.0; Win64; x64) AppleWebKit/537.36 (KHTML, like Gecko) Chrome/77.0.3865.90 Safari/537.36',
  'sec-fetch-mode' => 'navigate',
  'sec-fetch-user' => '?1',
  'accept' => 'text/html,application/xhtml+xml,application/xml;q=0.9,image/webp,image/apng,*/*;q=0.8,application/signed-exchange;v=b3',
  'sec-fetch-site' => 'same-origin',
  'referer' => 'http://localhost/mp/index.php/resumes/',
  'accept-encoding' => 'gzip, deflate, br',
  'accept-language' => 'zh-CN,zh;q=0.9',
  'cookie' => 'pgv_pvi=9689078784; UM_distinctid=16d38b311fc3a1-0c78e54ec6bd2-5373e62-1fa400-16d38b311fe5b3; CNZZDATA5342091=cnzz_eid%3D731655640-1568611066-null%26ntime%3D1568611066',
)
[ info ] [ PARAM ] array (
)
[ info ] [ RUN ] app\index\controller\Index->companys[ D:\MilFun\Apache24\htdocs\mp\application\index\controller\Index.php ]
[ info ] [ DB ] INIT mysql
[ info ] [ VIEW ] D:\MilFun\Apache24\htdocs\mp\config/../public/view/index\index\company.html [ array (
  0 => 0,
  1 => 1,
) ]
[ info ] [ LOG ] INIT File
[ sql ] [ DB ] CONNECT:[ UseTime:0.000739s ] mysql:host=127.0.0.1;dbname=milfun;charset=utf8
[ sql ] [ SQL ] SHOW COLUMNS FROM `mf_company` [ RunTime:0.003898s ]
[ sql ] [ SQL ] SELECT * FROM `mf_company` [ RunTime:0.000431s ]
---------------------------------------------------------------
[ 2019-09-30T10:18:33+08:00 ] 0.0.0.0 GET /mp/index.php/resumes/
[ info ] localhost/mp/index.php/resumes/ [运行时间：0.032776s][吞吐率：30.51req/s] [内存消耗：3,892.37kb] [文件加载：41]
[ info ] [ LANG ] D:\MilFun\Apache24\htdocs\mp\thinkphp\lang\zh-cn.php
[ info ] [ ROUTE ] array (
  'type' => 'module',
  'module' => 
  array (
    0 => 'index',
    1 => 'index',
    2 => 'resumes',
  ),
  'convert' => false,
)
[ info ] [ HEADER ] array (
  'host' => 'localhost',
  'connection' => 'keep-alive',
  'upgrade-insecure-requests' => '1',
  'user-agent' => 'Mozilla/5.0 (Windows NT 10.0; Win64; x64) AppleWebKit/537.36 (KHTML, like Gecko) Chrome/77.0.3865.90 Safari/537.36',
  'sec-fetch-mode' => 'navigate',
  'sec-fetch-user' => '?1',
  'accept' => 'text/html,application/xhtml+xml,application/xml;q=0.9,image/webp,image/apng,*/*;q=0.8,application/signed-exchange;v=b3',
  'sec-fetch-site' => 'same-origin',
  'referer' => 'http://localhost/mp/index.php/companys/',
  'accept-encoding' => 'gzip, deflate, br',
  'accept-language' => 'zh-CN,zh;q=0.9',
  'cookie' => 'pgv_pvi=9689078784; UM_distinctid=16d38b311fc3a1-0c78e54ec6bd2-5373e62-1fa400-16d38b311fe5b3; CNZZDATA5342091=cnzz_eid%3D731655640-1568611066-null%26ntime%3D1568611066',
)
[ info ] [ PARAM ] array (
)
[ info ] [ RUN ] app\index\controller\Index->resumes[ D:\MilFun\Apache24\htdocs\mp\application\index\controller\Index.php ]
[ info ] [ DB ] INIT mysql
[ info ] [ VIEW ] D:\MilFun\Apache24\htdocs\mp\config/../public/view/index\index\resume.html [ array (
  0 => 0,
) ]
[ info ] [ LOG ] INIT File
[ sql ] [ DB ] CONNECT:[ UseTime:0.000694s ] mysql:host=127.0.0.1;dbname=milfun;charset=utf8
[ sql ] [ SQL ] SHOW COLUMNS FROM `mf_resume` [ RunTime:0.003927s ]
[ sql ] [ SQL ] SELECT * FROM `mf_resume` [ RunTime:0.000854s ]
---------------------------------------------------------------
[ 2019-09-30T13:30:52+08:00 ] 0.0.0.0 GET /mp/index.php
[ info ] localhost/mp/index.php [运行时间：0.016773s][吞吐率：59.62req/s] [内存消耗：2,060.50kb] [文件加载：32]
[ info ] [ LANG ] D:\MilFun\Apache24\htdocs\mp\thinkphp\lang\zh-cn.php
[ info ] [ ROUTE ] array (
  'type' => 'module',
  'module' => 
  array (
    0 => 'index',
    1 => 'index',
    2 => 'index',
  ),
  'convert' => false,
)
[ info ] [ HEADER ] array (
  'host' => 'localhost',
  'connection' => 'keep-alive',
  'upgrade-insecure-requests' => '1',
  'user-agent' => 'Mozilla/5.0 (Windows NT 10.0; Win64; x64) AppleWebKit/537.36 (KHTML, like Gecko) Chrome/77.0.3865.90 Safari/537.36',
  'sec-fetch-mode' => 'navigate',
  'sec-fetch-user' => '?1',
  'accept' => 'text/html,application/xhtml+xml,application/xml;q=0.9,image/webp,image/apng,*/*;q=0.8,application/signed-exchange;v=b3',
  'sec-fetch-site' => 'same-origin',
  'referer' => 'http://localhost/mp/index.php/resumes/',
  'accept-encoding' => 'gzip, deflate, br',
  'accept-language' => 'zh-CN,zh;q=0.9',
  'cookie' => 'pgv_pvi=9689078784; UM_distinctid=16d38b311fc3a1-0c78e54ec6bd2-5373e62-1fa400-16d38b311fe5b3; CNZZDATA5342091=cnzz_eid%3D731655640-1568611066-null%26ntime%3D1568611066',
)
[ info ] [ PARAM ] array (
)
[ info ] [ RUN ] app\index\controller\Index->index[ D:\MilFun\Apache24\htdocs\mp\application\index\controller\Index.php ]
[ info ] [ VIEW ] D:\MilFun\Apache24\htdocs\mp\config/../public/view/index\index\index.html [ array (
) ]
[ info ] [ LOG ] INIT File
---------------------------------------------------------------
[ 2019-09-30T13:30:53+08:00 ] 0.0.0.0 GET /mp/index.php/jobs/
[ info ] localhost/mp/index.php/jobs/ [运行时间：0.032517s][吞吐率：30.75req/s] [内存消耗：3,828.87kb] [文件加载：41]
[ info ] [ LANG ] D:\MilFun\Apache24\htdocs\mp\thinkphp\lang\zh-cn.php
[ info ] [ ROUTE ] array (
  'type' => 'module',
  'module' => 
  array (
    0 => 'index',
    1 => 'index',
    2 => 'jobs',
  ),
  'convert' => false,
)
[ info ] [ HEADER ] array (
  'host' => 'localhost',
  'connection' => 'keep-alive',
  'upgrade-insecure-requests' => '1',
  'user-agent' => 'Mozilla/5.0 (Windows NT 10.0; Win64; x64) AppleWebKit/537.36 (KHTML, like Gecko) Chrome/77.0.3865.90 Safari/537.36',
  'sec-fetch-mode' => 'navigate',
  'sec-fetch-user' => '?1',
  'accept' => 'text/html,application/xhtml+xml,application/xml;q=0.9,image/webp,image/apng,*/*;q=0.8,application/signed-exchange;v=b3',
  'sec-fetch-site' => 'same-origin',
  'referer' => 'http://localhost/mp/index.php',
  'accept-encoding' => 'gzip, deflate, br',
  'accept-language' => 'zh-CN,zh;q=0.9',
  'cookie' => 'pgv_pvi=9689078784; UM_distinctid=16d38b311fc3a1-0c78e54ec6bd2-5373e62-1fa400-16d38b311fe5b3; CNZZDATA5342091=cnzz_eid%3D731655640-1568611066-null%26ntime%3D1568611066',
)
[ info ] [ PARAM ] array (
)
[ info ] [ RUN ] app\index\controller\Index->jobs[ D:\MilFun\Apache24\htdocs\mp\application\index\controller\Index.php ]
[ info ] [ DB ] INIT mysql
[ info ] [ VIEW ] D:\MilFun\Apache24\htdocs\mp\config/../public/view/index\index\jobs.html [ array (
  0 => 0,
  1 => 1,
  2 => 2,
  3 => 3,
) ]
[ info ] [ LOG ] INIT File
[ sql ] [ DB ] CONNECT:[ UseTime:0.002563s ] mysql:host=127.0.0.1;dbname=milfun;charset=utf8
[ sql ] [ SQL ] SHOW COLUMNS FROM `mf_jobs` [ RunTime:0.004878s ]
[ sql ] [ SQL ] SELECT * FROM `mf_jobs` [ RunTime:0.000469s ]
---------------------------------------------------------------
[ 2019-09-30T15:03:02+08:00 ] 0.0.0.0 GET /mp/index.php
[ info ] localhost/mp/index.php [运行时间：0.023180s][吞吐率：43.14req/s] [内存消耗：2,060.05kb] [文件加载：32]
[ info ] [ LANG ] D:\MilFun\Apache24\htdocs\mp\thinkphp\lang\zh-cn.php
[ info ] [ ROUTE ] array (
  'type' => 'module',
  'module' => 
  array (
    0 => 'index',
    1 => 'index',
    2 => 'index',
  ),
  'convert' => false,
)
[ info ] [ HEADER ] array (
  'host' => 'localhost',
  'connection' => 'keep-alive',
  'upgrade-insecure-requests' => '1',
  'user-agent' => 'Mozilla/5.0 (Windows NT 10.0; Win64; x64) AppleWebKit/537.36 (KHTML, like Gecko) Chrome/77.0.3865.90 Safari/537.36',
  'sec-fetch-mode' => 'navigate',
  'sec-fetch-user' => '?1',
  'accept' => 'text/html,application/xhtml+xml,application/xml;q=0.9,image/webp,image/apng,*/*;q=0.8,application/signed-exchange;v=b3',
  'sec-fetch-site' => 'none',
  'accept-encoding' => 'gzip, deflate, br',
  'accept-language' => 'zh-CN,zh;q=0.9',
  'cookie' => 'pgv_pvi=9689078784; UM_distinctid=16d38b311fc3a1-0c78e54ec6bd2-5373e62-1fa400-16d38b311fe5b3; CNZZDATA5342091=cnzz_eid%3D731655640-1568611066-null%26ntime%3D1568611066',
)
[ info ] [ PARAM ] array (
)
[ info ] [ RUN ] app\index\controller\Index->index[ D:\MilFun\Apache24\htdocs\mp\application\index\controller\Index.php ]
[ info ] [ VIEW ] D:\MilFun\Apache24\htdocs\mp\config/../public/view/index\index\index.html [ array (
) ]
[ info ] [ LOG ] INIT File
---------------------------------------------------------------
[ 2019-09-30T15:03:10+08:00 ] 0.0.0.0 GET /mp/index.php/jobs/
[ info ] localhost/mp/index.php/jobs/ [运行时间：0.038124s][吞吐率：26.23req/s] [内存消耗：3,828.87kb] [文件加载：41]
[ info ] [ LANG ] D:\MilFun\Apache24\htdocs\mp\thinkphp\lang\zh-cn.php
[ info ] [ ROUTE ] array (
  'type' => 'module',
  'module' => 
  array (
    0 => 'index',
    1 => 'index',
    2 => 'jobs',
  ),
  'convert' => false,
)
[ info ] [ HEADER ] array (
  'host' => 'localhost',
  'connection' => 'keep-alive',
  'upgrade-insecure-requests' => '1',
  'user-agent' => 'Mozilla/5.0 (Windows NT 10.0; Win64; x64) AppleWebKit/537.36 (KHTML, like Gecko) Chrome/77.0.3865.90 Safari/537.36',
  'sec-fetch-mode' => 'navigate',
  'sec-fetch-user' => '?1',
  'accept' => 'text/html,application/xhtml+xml,application/xml;q=0.9,image/webp,image/apng,*/*;q=0.8,application/signed-exchange;v=b3',
  'sec-fetch-site' => 'same-origin',
  'referer' => 'http://localhost/mp/index.php',
  'accept-encoding' => 'gzip, deflate, br',
  'accept-language' => 'zh-CN,zh;q=0.9',
  'cookie' => 'pgv_pvi=9689078784; UM_distinctid=16d38b311fc3a1-0c78e54ec6bd2-5373e62-1fa400-16d38b311fe5b3; CNZZDATA5342091=cnzz_eid%3D731655640-1568611066-null%26ntime%3D1568611066',
)
[ info ] [ PARAM ] array (
)
[ info ] [ RUN ] app\index\controller\Index->jobs[ D:\MilFun\Apache24\htdocs\mp\application\index\controller\Index.php ]
[ info ] [ DB ] INIT mysql
[ info ] [ VIEW ] D:\MilFun\Apache24\htdocs\mp\config/../public/view/index\index\jobs.html [ array (
  0 => 0,
  1 => 1,
  2 => 2,
  3 => 3,
) ]
[ info ] [ LOG ] INIT File
[ sql ] [ DB ] CONNECT:[ UseTime:0.002338s ] mysql:host=127.0.0.1;dbname=milfun;charset=utf8
[ sql ] [ SQL ] SHOW COLUMNS FROM `mf_jobs` [ RunTime:0.005861s ]
[ sql ] [ SQL ] SELECT * FROM `mf_jobs` [ RunTime:0.000562s ]
---------------------------------------------------------------
[ 2019-09-30T15:03:15+08:00 ] 0.0.0.0 GET /mp/index.php/companys/
[ info ] localhost/mp/index.php/companys/ [运行时间：0.035092s][吞吐率：28.50req/s] [内存消耗：3,833.53kb] [文件加载：41]
[ info ] [ LANG ] D:\MilFun\Apache24\htdocs\mp\thinkphp\lang\zh-cn.php
[ info ] [ ROUTE ] array (
  'type' => 'module',
  'module' => 
  array (
    0 => 'index',
    1 => 'index',
    2 => 'companys',
  ),
  'convert' => false,
)
[ info ] [ HEADER ] array (
  'host' => 'localhost',
  'connection' => 'keep-alive',
  'upgrade-insecure-requests' => '1',
  'user-agent' => 'Mozilla/5.0 (Windows NT 10.0; Win64; x64) AppleWebKit/537.36 (KHTML, like Gecko) Chrome/77.0.3865.90 Safari/537.36',
  'sec-fetch-mode' => 'navigate',
  'sec-fetch-user' => '?1',
  'accept' => 'text/html,application/xhtml+xml,application/xml;q=0.9,image/webp,image/apng,*/*;q=0.8,application/signed-exchange;v=b3',
  'sec-fetch-site' => 'same-origin',
  'referer' => 'http://localhost/mp/index.php/jobs/',
  'accept-encoding' => 'gzip, deflate, br',
  'accept-language' => 'zh-CN,zh;q=0.9',
  'cookie' => 'pgv_pvi=9689078784; UM_distinctid=16d38b311fc3a1-0c78e54ec6bd2-5373e62-1fa400-16d38b311fe5b3; CNZZDATA5342091=cnzz_eid%3D731655640-1568611066-null%26ntime%3D1568611066',
)
[ info ] [ PARAM ] array (
)
[ info ] [ RUN ] app\index\controller\Index->companys[ D:\MilFun\Apache24\htdocs\mp\application\index\controller\Index.php ]
[ info ] [ DB ] INIT mysql
[ info ] [ VIEW ] D:\MilFun\Apache24\htdocs\mp\config/../public/view/index\index\company.html [ array (
  0 => 0,
  1 => 1,
) ]
[ info ] [ LOG ] INIT File
[ sql ] [ DB ] CONNECT:[ UseTime:0.000852s ] mysql:host=127.0.0.1;dbname=milfun;charset=utf8
[ sql ] [ SQL ] SHOW COLUMNS FROM `mf_company` [ RunTime:0.005131s ]
[ sql ] [ SQL ] SELECT * FROM `mf_company` [ RunTime:0.000387s ]
---------------------------------------------------------------
[ 2019-09-30T15:03:24+08:00 ] 0.0.0.0 GET /mp/index.php/resumes/
[ info ] localhost/mp/index.php/resumes/ [运行时间：0.033347s][吞吐率：29.99req/s] [内存消耗：3,892.37kb] [文件加载：41]
[ info ] [ LANG ] D:\MilFun\Apache24\htdocs\mp\thinkphp\lang\zh-cn.php
[ info ] [ ROUTE ] array (
  'type' => 'module',
  'module' => 
  array (
    0 => 'index',
    1 => 'index',
    2 => 'resumes',
  ),
  'convert' => false,
)
[ info ] [ HEADER ] array (
  'host' => 'localhost',
  'connection' => 'keep-alive',
  'upgrade-insecure-requests' => '1',
  'user-agent' => 'Mozilla/5.0 (Windows NT 10.0; Win64; x64) AppleWebKit/537.36 (KHTML, like Gecko) Chrome/77.0.3865.90 Safari/537.36',
  'sec-fetch-mode' => 'navigate',
  'sec-fetch-user' => '?1',
  'accept' => 'text/html,application/xhtml+xml,application/xml;q=0.9,image/webp,image/apng,*/*;q=0.8,application/signed-exchange;v=b3',
  'sec-fetch-site' => 'same-origin',
  'referer' => 'http://localhost/mp/index.php/companys/',
  'accept-encoding' => 'gzip, deflate, br',
  'accept-language' => 'zh-CN,zh;q=0.9',
  'cookie' => 'pgv_pvi=9689078784; UM_distinctid=16d38b311fc3a1-0c78e54ec6bd2-5373e62-1fa400-16d38b311fe5b3; CNZZDATA5342091=cnzz_eid%3D731655640-1568611066-null%26ntime%3D1568611066',
)
[ info ] [ PARAM ] array (
)
[ info ] [ RUN ] app\index\controller\Index->resumes[ D:\MilFun\Apache24\htdocs\mp\application\index\controller\Index.php ]
[ info ] [ DB ] INIT mysql
[ info ] [ VIEW ] D:\MilFun\Apache24\htdocs\mp\config/../public/view/index\index\resume.html [ array (
  0 => 0,
) ]
[ info ] [ LOG ] INIT File
[ sql ] [ DB ] CONNECT:[ UseTime:0.000773s ] mysql:host=127.0.0.1;dbname=milfun;charset=utf8
[ sql ] [ SQL ] SHOW COLUMNS FROM `mf_resume` [ RunTime:0.004795s ]
[ sql ] [ SQL ] SELECT * FROM `mf_resume` [ RunTime:0.000595s ]
---------------------------------------------------------------
[ 2019-09-30T15:03:34+08:00 ] 0.0.0.0 GET /mp/index.php
[ info ] localhost/mp/index.php [运行时间：0.018864s][吞吐率：53.01req/s] [内存消耗：2,060.50kb] [文件加载：32]
[ info ] [ LANG ] D:\MilFun\Apache24\htdocs\mp\thinkphp\lang\zh-cn.php
[ info ] [ ROUTE ] array (
  'type' => 'module',
  'module' => 
  array (
    0 => 'index',
    1 => 'index',
    2 => 'index',
  ),
  'convert' => false,
)
[ info ] [ HEADER ] array (
  'host' => 'localhost',
  'connection' => 'keep-alive',
  'upgrade-insecure-requests' => '1',
  'user-agent' => 'Mozilla/5.0 (Windows NT 10.0; Win64; x64) AppleWebKit/537.36 (KHTML, like Gecko) Chrome/77.0.3865.90 Safari/537.36',
  'sec-fetch-mode' => 'navigate',
  'sec-fetch-user' => '?1',
  'accept' => 'text/html,application/xhtml+xml,application/xml;q=0.9,image/webp,image/apng,*/*;q=0.8,application/signed-exchange;v=b3',
  'sec-fetch-site' => 'same-origin',
  'referer' => 'http://localhost/mp/index.php/resumes/',
  'accept-encoding' => 'gzip, deflate, br',
  'accept-language' => 'zh-CN,zh;q=0.9',
  'cookie' => 'pgv_pvi=9689078784; UM_distinctid=16d38b311fc3a1-0c78e54ec6bd2-5373e62-1fa400-16d38b311fe5b3; CNZZDATA5342091=cnzz_eid%3D731655640-1568611066-null%26ntime%3D1568611066',
)
[ info ] [ PARAM ] array (
)
[ info ] [ RUN ] app\index\controller\Index->index[ D:\MilFun\Apache24\htdocs\mp\application\index\controller\Index.php ]
[ info ] [ VIEW ] D:\MilFun\Apache24\htdocs\mp\config/../public/view/index\index\index.html [ array (
) ]
[ info ] [ LOG ] INIT File
