---------------------------------------------------------------
[ 2019-10-12T21:32:28+08:00 ] 0.0.0.0 POST /cityzone/index.php/index/access/login.html
[ info ] localhost/cityzone/index.php/index/access/login.html [运行时间：0.032006s][吞吐率：31.24req/s] [内存消耗：2,526.27kb] [文件加载：43]
[ info ] [ LANG ] D:\zend\Apache24\htdocs\CityZone\thinkphp\lang\zh-cn.php
[ info ] [ ROUTE ] array (
  'type' => 'module',
  'module' => 
  array (
    0 => 'index',
    1 => 'access',
    2 => 'login',
  ),
)
[ info ] [ HEADER ] array (
  'host' => 'localhost',
  'connection' => 'keep-alive',
  'content-length' => '17',
  'cache-control' => 'max-age=0',
  'upgrade-insecure-requests' => '1',
  'user-agent' => 'Mozilla/5.0 (Windows NT 10.0; Win64; x64) AppleWebKit/537.36 (KHTML, like Gecko) Chrome/73.0.3683.86 Safari/537.36',
  'origin' => 'http://localhost',
  'content-type' => 'application/x-www-form-urlencoded',
  'accept' => 'text/html,application/xhtml+xml,application/xml;q=0.9,image/webp,image/apng,*/*;q=0.8,application/signed-exchange;v=b3',
  'referer' => 'http://localhost/cityzone/index.php/Index/index/login.html',
  'accept-encoding' => 'gzip, deflate, br',
  'accept-language' => 'zh-CN,zh;q=0.9',
  'cookie' => 'pgv_pvi=9655209984',
)
[ info ] [ PARAM ] array (
  'mobile' => '',
  'password' => '',
)
[ info ] [ RUN ] app\index\controller\Access->login[ D:\zend\Apache24\htdocs\CityZone\application\index\controller\Access.php ]
[ info ] [ DB ] INIT mysql
[ info ] [ LOG ] INIT File
[ error ] [0]could not find driver[D:\zend\Apache24\htdocs\CityZone\thinkphp\library\think\db\Connection.php:295]
---------------------------------------------------------------
[ 2019-10-12T21:32:29+08:00 ] 0.0.0.0 POST /cityzone/index.php/index/access/login.html
[ info ] localhost/cityzone/index.php/index/access/login.html [运行时间：0.032401s][吞吐率：30.86req/s] [内存消耗：2,526.25kb] [文件加载：43]
[ info ] [ LANG ] D:\zend\Apache24\htdocs\CityZone\thinkphp\lang\zh-cn.php
[ info ] [ ROUTE ] array (
  'type' => 'module',
  'module' => 
  array (
    0 => 'index',
    1 => 'access',
    2 => 'login',
  ),
)
[ info ] [ HEADER ] array (
  'host' => 'localhost',
  'connection' => 'keep-alive',
  'content-length' => '17',
  'cache-control' => 'max-age=0',
  'upgrade-insecure-requests' => '1',
  'user-agent' => 'Mozilla/5.0 (Windows NT 10.0; Win64; x64) AppleWebKit/537.36 (KHTML, like Gecko) Chrome/73.0.3683.86 Safari/537.36',
  'origin' => 'http://localhost',
  'content-type' => 'application/x-www-form-urlencoded',
  'accept' => 'text/html,application/xhtml+xml,application/xml;q=0.9,image/webp,image/apng,*/*;q=0.8,application/signed-exchange;v=b3',
  'referer' => 'http://localhost/cityzone/index.php/Index/index/login.html',
  'accept-encoding' => 'gzip, deflate, br',
  'accept-language' => 'zh-CN,zh;q=0.9',
  'cookie' => 'pgv_pvi=9655209984',
)
[ info ] [ PARAM ] array (
  'mobile' => '',
  'password' => '',
)
[ info ] [ RUN ] app\index\controller\Access->login[ D:\zend\Apache24\htdocs\CityZone\application\index\controller\Access.php ]
[ info ] [ DB ] INIT mysql
[ info ] [ LOG ] INIT File
[ error ] [0]could not find driver[D:\zend\Apache24\htdocs\CityZone\thinkphp\library\think\db\Connection.php:295]
---------------------------------------------------------------
[ 2019-10-12T21:33:48+08:00 ] 0.0.0.0 POST /cityzone/index.php/index/access/login.html
[ info ] localhost/cityzone/index.php/index/access/login.html [运行时间：0.041518s][吞吐率：24.09req/s] [内存消耗：2,526.22kb] [文件加载：43]
[ info ] [ LANG ] D:\zend\Apache24\htdocs\CityZone\thinkphp\lang\zh-cn.php
[ info ] [ ROUTE ] array (
  'type' => 'module',
  'module' => 
  array (
    0 => 'index',
    1 => 'access',
    2 => 'login',
  ),
)
[ info ] [ HEADER ] array (
  'host' => 'localhost',
  'connection' => 'keep-alive',
  'content-length' => '17',
  'cache-control' => 'max-age=0',
  'upgrade-insecure-requests' => '1',
  'user-agent' => 'Mozilla/5.0 (Windows NT 10.0; Win64; x64) AppleWebKit/537.36 (KHTML, like Gecko) Chrome/73.0.3683.86 Safari/537.36',
  'origin' => 'http://localhost',
  'content-type' => 'application/x-www-form-urlencoded',
  'accept' => 'text/html,application/xhtml+xml,application/xml;q=0.9,image/webp,image/apng,*/*;q=0.8,application/signed-exchange;v=b3',
  'referer' => 'http://localhost/cityzone/index.php/Index/index/login.html',
  'accept-encoding' => 'gzip, deflate, br',
  'accept-language' => 'zh-CN,zh;q=0.9',
  'cookie' => 'pgv_pvi=9655209984',
)
[ info ] [ PARAM ] array (
  'mobile' => '',
  'password' => '',
)
[ info ] [ RUN ] app\index\controller\Access->login[ D:\zend\Apache24\htdocs\CityZone\application\index\controller\Access.php ]
[ info ] [ DB ] INIT mysql
[ info ] [ LOG ] INIT File
[ error ] [0]could not find driver[D:\zend\Apache24\htdocs\CityZone\thinkphp\library\think\db\Connection.php:295]
---------------------------------------------------------------
[ 2019-10-12T21:33:49+08:00 ] 0.0.0.0 POST /cityzone/index.php/index/access/login.html
[ info ] localhost/cityzone/index.php/index/access/login.html [运行时间：0.042725s][吞吐率：23.41req/s] [内存消耗：2,526.22kb] [文件加载：43]
[ info ] [ LANG ] D:\zend\Apache24\htdocs\CityZone\thinkphp\lang\zh-cn.php
[ info ] [ ROUTE ] array (
  'type' => 'module',
  'module' => 
  array (
    0 => 'index',
    1 => 'access',
    2 => 'login',
  ),
)
[ info ] [ HEADER ] array (
  'host' => 'localhost',
  'connection' => 'keep-alive',
  'content-length' => '17',
  'cache-control' => 'max-age=0',
  'upgrade-insecure-requests' => '1',
  'user-agent' => 'Mozilla/5.0 (Windows NT 10.0; Win64; x64) AppleWebKit/537.36 (KHTML, like Gecko) Chrome/73.0.3683.86 Safari/537.36',
  'origin' => 'http://localhost',
  'content-type' => 'application/x-www-form-urlencoded',
  'accept' => 'text/html,application/xhtml+xml,application/xml;q=0.9,image/webp,image/apng,*/*;q=0.8,application/signed-exchange;v=b3',
  'referer' => 'http://localhost/cityzone/index.php/Index/index/login.html',
  'accept-encoding' => 'gzip, deflate, br',
  'accept-language' => 'zh-CN,zh;q=0.9',
  'cookie' => 'pgv_pvi=9655209984',
)
[ info ] [ PARAM ] array (
  'mobile' => '',
  'password' => '',
)
[ info ] [ RUN ] app\index\controller\Access->login[ D:\zend\Apache24\htdocs\CityZone\application\index\controller\Access.php ]
[ info ] [ DB ] INIT mysql
[ info ] [ LOG ] INIT File
[ error ] [0]could not find driver[D:\zend\Apache24\htdocs\CityZone\thinkphp\library\think\db\Connection.php:295]
---------------------------------------------------------------
[ 2019-10-12T21:33:49+08:00 ] 0.0.0.0 POST /cityzone/index.php/index/access/login.html
[ info ] localhost/cityzone/index.php/index/access/login.html [运行时间：0.030828s][吞吐率：32.44req/s] [内存消耗：2,526.22kb] [文件加载：43]
[ info ] [ LANG ] D:\zend\Apache24\htdocs\CityZone\thinkphp\lang\zh-cn.php
[ info ] [ ROUTE ] array (
  'type' => 'module',
  'module' => 
  array (
    0 => 'index',
    1 => 'access',
    2 => 'login',
  ),
)
[ info ] [ HEADER ] array (
  'host' => 'localhost',
  'connection' => 'keep-alive',
  'content-length' => '17',
  'cache-control' => 'max-age=0',
  'upgrade-insecure-requests' => '1',
  'user-agent' => 'Mozilla/5.0 (Windows NT 10.0; Win64; x64) AppleWebKit/537.36 (KHTML, like Gecko) Chrome/73.0.3683.86 Safari/537.36',
  'origin' => 'http://localhost',
  'content-type' => 'application/x-www-form-urlencoded',
  'accept' => 'text/html,application/xhtml+xml,application/xml;q=0.9,image/webp,image/apng,*/*;q=0.8,application/signed-exchange;v=b3',
  'referer' => 'http://localhost/cityzone/index.php/Index/index/login.html',
  'accept-encoding' => 'gzip, deflate, br',
  'accept-language' => 'zh-CN,zh;q=0.9',
  'cookie' => 'pgv_pvi=9655209984',
)
[ info ] [ PARAM ] array (
  'mobile' => '',
  'password' => '',
)
[ info ] [ RUN ] app\index\controller\Access->login[ D:\zend\Apache24\htdocs\CityZone\application\index\controller\Access.php ]
[ info ] [ DB ] INIT mysql
[ info ] [ LOG ] INIT File
[ error ] [0]could not find driver[D:\zend\Apache24\htdocs\CityZone\thinkphp\library\think\db\Connection.php:295]
---------------------------------------------------------------
[ 2019-10-12T21:33:50+08:00 ] 0.0.0.0 POST /cityzone/index.php/index/access/login.html
[ info ] localhost/cityzone/index.php/index/access/login.html [运行时间：0.030890s][吞吐率：32.37req/s] [内存消耗：2,526.22kb] [文件加载：43]
[ info ] [ LANG ] D:\zend\Apache24\htdocs\CityZone\thinkphp\lang\zh-cn.php
[ info ] [ ROUTE ] array (
  'type' => 'module',
  'module' => 
  array (
    0 => 'index',
    1 => 'access',
    2 => 'login',
  ),
)
[ info ] [ HEADER ] array (
  'host' => 'localhost',
  'connection' => 'keep-alive',
  'content-length' => '17',
  'cache-control' => 'max-age=0',
  'upgrade-insecure-requests' => '1',
  'user-agent' => 'Mozilla/5.0 (Windows NT 10.0; Win64; x64) AppleWebKit/537.36 (KHTML, like Gecko) Chrome/73.0.3683.86 Safari/537.36',
  'origin' => 'http://localhost',
  'content-type' => 'application/x-www-form-urlencoded',
  'accept' => 'text/html,application/xhtml+xml,application/xml;q=0.9,image/webp,image/apng,*/*;q=0.8,application/signed-exchange;v=b3',
  'referer' => 'http://localhost/cityzone/index.php/Index/index/login.html',
  'accept-encoding' => 'gzip, deflate, br',
  'accept-language' => 'zh-CN,zh;q=0.9',
  'cookie' => 'pgv_pvi=9655209984',
)
[ info ] [ PARAM ] array (
  'mobile' => '',
  'password' => '',
)
[ info ] [ RUN ] app\index\controller\Access->login[ D:\zend\Apache24\htdocs\CityZone\application\index\controller\Access.php ]
[ info ] [ DB ] INIT mysql
[ info ] [ LOG ] INIT File
[ error ] [0]could not find driver[D:\zend\Apache24\htdocs\CityZone\thinkphp\library\think\db\Connection.php:295]
---------------------------------------------------------------
[ 2019-10-12T21:34:33+08:00 ] 0.0.0.0 POST /cityzone/index.php/index/access/login.html
[ info ] localhost/cityzone/index.php/index/access/login.html [运行时间：0.041121s][吞吐率：24.32req/s] [内存消耗：2,526.22kb] [文件加载：43]
[ info ] [ LANG ] D:\zend\Apache24\htdocs\CityZone\thinkphp\lang\zh-cn.php
[ info ] [ ROUTE ] array (
  'type' => 'module',
  'module' => 
  array (
    0 => 'index',
    1 => 'access',
    2 => 'login',
  ),
)
[ info ] [ HEADER ] array (
  'host' => 'localhost',
  'connection' => 'keep-alive',
  'content-length' => '17',
  'cache-control' => 'max-age=0',
  'upgrade-insecure-requests' => '1',
  'user-agent' => 'Mozilla/5.0 (Windows NT 10.0; Win64; x64) AppleWebKit/537.36 (KHTML, like Gecko) Chrome/73.0.3683.86 Safari/537.36',
  'origin' => 'http://localhost',
  'content-type' => 'application/x-www-form-urlencoded',
  'accept' => 'text/html,application/xhtml+xml,application/xml;q=0.9,image/webp,image/apng,*/*;q=0.8,application/signed-exchange;v=b3',
  'referer' => 'http://localhost/cityzone/index.php/Index/index/login.html',
  'accept-encoding' => 'gzip, deflate, br',
  'accept-language' => 'zh-CN,zh;q=0.9',
  'cookie' => 'pgv_pvi=9655209984',
)
[ info ] [ PARAM ] array (
  'mobile' => '',
  'password' => '',
)
[ info ] [ RUN ] app\index\controller\Access->login[ D:\zend\Apache24\htdocs\CityZone\application\index\controller\Access.php ]
[ info ] [ DB ] INIT mysql
[ info ] [ LOG ] INIT File
[ error ] [0]could not find driver[D:\zend\Apache24\htdocs\CityZone\thinkphp\library\think\db\Connection.php:295]
---------------------------------------------------------------
[ 2019-10-12T21:34:34+08:00 ] 0.0.0.0 POST /cityzone/index.php/index/access/login.html
[ info ] localhost/cityzone/index.php/index/access/login.html [运行时间：0.031910s][吞吐率：31.34req/s] [内存消耗：2,526.22kb] [文件加载：43]
[ info ] [ LANG ] D:\zend\Apache24\htdocs\CityZone\thinkphp\lang\zh-cn.php
[ info ] [ ROUTE ] array (
  'type' => 'module',
  'module' => 
  array (
    0 => 'index',
    1 => 'access',
    2 => 'login',
  ),
)
[ info ] [ HEADER ] array (
  'host' => 'localhost',
  'connection' => 'keep-alive',
  'content-length' => '17',
  'cache-control' => 'max-age=0',
  'upgrade-insecure-requests' => '1',
  'user-agent' => 'Mozilla/5.0 (Windows NT 10.0; Win64; x64) AppleWebKit/537.36 (KHTML, like Gecko) Chrome/73.0.3683.86 Safari/537.36',
  'origin' => 'http://localhost',
  'content-type' => 'application/x-www-form-urlencoded',
  'accept' => 'text/html,application/xhtml+xml,application/xml;q=0.9,image/webp,image/apng,*/*;q=0.8,application/signed-exchange;v=b3',
  'referer' => 'http://localhost/cityzone/index.php/Index/index/login.html',
  'accept-encoding' => 'gzip, deflate, br',
  'accept-language' => 'zh-CN,zh;q=0.9',
  'cookie' => 'pgv_pvi=9655209984',
)
[ info ] [ PARAM ] array (
  'mobile' => '',
  'password' => '',
)
[ info ] [ RUN ] app\index\controller\Access->login[ D:\zend\Apache24\htdocs\CityZone\application\index\controller\Access.php ]
[ info ] [ DB ] INIT mysql
[ info ] [ LOG ] INIT File
[ error ] [0]could not find driver[D:\zend\Apache24\htdocs\CityZone\thinkphp\library\think\db\Connection.php:295]
